#
# There is insufficient memory for the Java Runtime Environment to continue.
# Native memory allocation (malloc) failed to allocate 1047216 bytes for Chunk::new
# Possible reasons:
#   The system is out of physical RAM or swap space
#   The process is running with CompressedOops enabled, and the Java Heap may be blocking the growth of the native heap
# Possible solutions:
#   Reduce memory load on the system
#   Increase physical memory or swap space
#   Check if swap backing store is full
#   Decrease Java heap size (-Xmx/-Xms)
#   Decrease number of Java threads
#   Decrease Java thread stack sizes (-Xss)
#   Set larger code cache with -XX:ReservedCodeCacheSize=
#   JVM is running with Unscaled Compressed Oops mode in which the Java heap is
#     placed in the first 4GB address space. The Java Heap base address is the
#     maximum limit for the native heap growth. Please use -XX:HeapBaseMinAddress
#     to set the Java Heap base and to place the Java Heap above 4GB virtual address.
# This output file may be truncated or incomplete.
#
#  Out of Memory Error (./src/hotspot/share/memory/arena.cpp:197), pid=12344, tid=7944
#
# JRE version: OpenJDK Runtime Environment (11.0.13) (build 11.0.13+0-b1751.21-8125866)
# Java VM: OpenJDK 64-Bit Server VM (11.0.13+0-b1751.21-8125866, mixed mode, tiered, compressed oops, g1 gc, windows-amd64)
# No core dump will be written. Minidumps are not enabled by default on client versions of Windows
#

---------------  S U M M A R Y ------------

Command Line: org.jetbrains.kotlin.cli.jvm.K2JVMCompiler @D:\Ufca\Mobile\CC0043---Programa-o-para-Dispositivos-M-veis\node_modules\react-native-gesture-handler\android\build\20230313_16698859566985883055.compiler.options

Host: Intel(R) Core(TM) i5-7400 CPU @ 3.00GHz, 4 cores, 7G,  Windows 10 , 64 bit Build 19041 (10.0.19041.2546)
Time: Mon Mar 13 23:21:34 2023 Hora Padrão de Buenos Aires elapsed time: 51.095258 seconds (0d 0h 0m 51s)

---------------  T H R E A D  ---------------

Current thread (0x000002697c05f000):  JavaThread "C2 CompilerThread0" daemon [_thread_in_native, id=7944, stack(0x000000b7d9900000,0x000000b7d9a00000)]


Current CompileTask:
C2:  51095 11891       4       org.jetbrains.kotlin.resolve.calls.tower.TowerResolver::processTowerData (97 bytes)

Stack: [0x000000b7d9900000,0x000000b7d9a00000]
Native frames: (J=compiled Java code, j=interpreted, Vv=VM code, C=native code)
V  [jvm.dll+0x6100fa]
V  [jvm.dll+0x747090]
V  [jvm.dll+0x7486ad]
V  [jvm.dll+0x748d83]
V  [jvm.dll+0x24ab48]
V  [jvm.dll+0xc04dc]
V  [jvm.dll+0xc0a0c]
V  [jvm.dll+0x2bfab4]
V  [jvm.dll+0x524238]
V  [jvm.dll+0x204a21]
V  [jvm.dll+0x2023c2]
V  [jvm.dll+0x188e01]
V  [jvm.dll+0x21106b]
V  [jvm.dll+0x20f8c1]
V  [jvm.dll+0x70de0f]
V  [jvm.dll+0x706a75]
V  [jvm.dll+0x60ed66]
C  [ucrtbase.dll+0x21bb2]
C  [KERNEL32.DLL+0x17614]
C  [ntdll.dll+0x526a1]


---------------  P R O C E S S  ---------------

Threads class SMR info:
_java_thread_list=0x00000269000f3120, length=10, elements={
0x000002696248d000, 0x000002697c037000, 0x000002697c038800, 0x000002697c056800,
0x000002697c058000, 0x000002697c05a000, 0x000002697c05f000, 0x000002697c062800,
0x000002697ca41800, 0x000002697cb41800
}

Java Threads: ( => current thread )
  0x000002696248d000 JavaThread "main" [_thread_in_Java, id=14452, stack(0x000000b7d8d00000,0x000000b7d8e00000)]
  0x000002697c037000 JavaThread "Reference Handler" daemon [_thread_blocked, id=7396, stack(0x000000b7d9400000,0x000000b7d9500000)]
  0x000002697c038800 JavaThread "Finalizer" daemon [_thread_blocked, id=3208, stack(0x000000b7d9500000,0x000000b7d9600000)]
  0x000002697c056800 JavaThread "Signal Dispatcher" daemon [_thread_blocked, id=12980, stack(0x000000b7d9600000,0x000000b7d9700000)]
  0x000002697c058000 JavaThread "Attach Listener" daemon [_thread_blocked, id=4496, stack(0x000000b7d9700000,0x000000b7d9800000)]
  0x000002697c05a000 JavaThread "Service Thread" daemon [_thread_blocked, id=6072, stack(0x000000b7d9800000,0x000000b7d9900000)]
=>0x000002697c05f000 JavaThread "C2 CompilerThread0" daemon [_thread_in_native, id=7944, stack(0x000000b7d9900000,0x000000b7d9a00000)]
  0x000002697c062800 JavaThread "C1 CompilerThread0" daemon [_thread_blocked, id=7748, stack(0x000000b7d9a00000,0x000000b7d9b00000)]
  0x000002697ca41800 JavaThread "Sweeper thread" daemon [_thread_blocked, id=5672, stack(0x000000b7d9b00000,0x000000b7d9c00000)]
  0x000002697cb41800 JavaThread "Common-Cleaner" daemon [_thread_blocked, id=8128, stack(0x000000b7d9d00000,0x000000b7d9e00000)]

Other Threads:
  0x000002697c010800 VMThread "VM Thread" [stack: 0x000000b7d9300000,0x000000b7d9400000] [id=13796]
  0x000002697cb39800 WatcherThread [stack: 0x000000b7d9c00000,0x000000b7d9d00000] [id=7276]
  0x00000269624a6000 GCTaskThread "GC Thread#0" [stack: 0x000000b7d8e00000,0x000000b7d8f00000] [id=1520]
  0x000002697cf24800 GCTaskThread "GC Thread#1" [stack: 0x000000b7d9f00000,0x000000b7da000000] [id=8384]
  0x000002697cf25000 GCTaskThread "GC Thread#2" [stack: 0x000000b7da000000,0x000000b7da100000] [id=16776]
  0x00000269624d6000 ConcurrentGCThread "G1 Main Marker" [stack: 0x000000b7d8f00000,0x000000b7d9000000] [id=5636]
  0x00000269624d8000 ConcurrentGCThread "G1 Conc#0" [stack: 0x000000b7d9000000,0x000000b7d9100000] [id=13436]
  0x0000026962569800 ConcurrentGCThread "G1 Refine#0" [stack: 0x000000b7d9100000,0x000000b7d9200000] [id=15864]
  0x000002690170d000 ConcurrentGCThread "G1 Refine#1" [stack: 0x000000b7d9e00000,0x000000b7d9f00000] [id=13672]
  0x000002696256a800 ConcurrentGCThread "G1 Young RemSet Sampling" [stack: 0x000000b7d9200000,0x000000b7d9300000] [id=5144]

Threads with active compile tasks:
C2 CompilerThread0  51114 11891       4       org.jetbrains.kotlin.resolve.calls.tower.TowerResolver::processTowerData (97 bytes)

VM state:not at safepoint (normal execution)

VM Mutex/Monitor currently owned by a thread: None

Heap address: 0x0000000080e00000, size: 2034 MB, Compressed Oops mode: 32-bit
Narrow klass base: 0x0000000000000000, Narrow klass shift: 3
Compressed class space size: 1073741824 Address: 0x0000000100000000

Heap:
 garbage-first heap   total 131072K, used 97280K [0x0000000080e00000, 0x0000000100000000)
  region size 1024K, 34 young (34816K), 5 survivors (5120K)
 Metaspace       used 70093K, capacity 71007K, committed 71040K, reserved 1112064K
  class space    used 7686K, capacity 8053K, committed 8064K, reserved 1048576K
Heap Regions: E=young(eden), S=young(survivor), O=old, HS=humongous(starts), HC=humongous(continues), CS=collection set, F=free, A=archive, TAMS=top-at-mark-start (previous, next)
|   0|0x0000000080e00000, 0x0000000080f00000, 0x0000000080f00000|100%|HS|  |TAMS 0x0000000080f00000, 0x0000000080e00000| Complete 
|   1|0x0000000080f00000, 0x0000000081000000, 0x0000000081000000|100%|HC|  |TAMS 0x0000000081000000, 0x0000000080f00000| Complete 
|   2|0x0000000081000000, 0x0000000081100000, 0x0000000081100000|100%|HC|  |TAMS 0x0000000081100000, 0x0000000081000000| Complete 
|   3|0x0000000081100000, 0x0000000081200000, 0x0000000081200000|100%| O|  |TAMS 0x0000000081200000, 0x0000000081100000| Untracked 
|   4|0x0000000081200000, 0x0000000081300000, 0x0000000081300000|100%| O|  |TAMS 0x0000000081300000, 0x0000000081200000| Untracked 
|   5|0x0000000081300000, 0x0000000081400000, 0x0000000081400000|100%|HS|  |TAMS 0x0000000081400000, 0x0000000081300000| Complete 
|   6|0x0000000081400000, 0x0000000081500000, 0x0000000081500000|100%|HC|  |TAMS 0x0000000081500000, 0x0000000081400000| Complete 
|   7|0x0000000081500000, 0x0000000081600000, 0x0000000081600000|100%|HC|  |TAMS 0x0000000081600000, 0x0000000081500000| Complete 
|   8|0x0000000081600000, 0x0000000081700000, 0x0000000081700000|100%| O|  |TAMS 0x0000000081700000, 0x0000000081600000| Untracked 
|   9|0x0000000081700000, 0x0000000081800000, 0x0000000081800000|100%| O|  |TAMS 0x0000000081800000, 0x0000000081700000| Untracked 
|  10|0x0000000081800000, 0x0000000081900000, 0x0000000081900000|100%| O|  |TAMS 0x0000000081900000, 0x0000000081800000| Untracked 
|  11|0x0000000081900000, 0x0000000081a00000, 0x0000000081a00000|100%| O|  |TAMS 0x0000000081a00000, 0x0000000081900000| Untracked 
|  12|0x0000000081a00000, 0x0000000081b00000, 0x0000000081b00000|100%| O|  |TAMS 0x0000000081b00000, 0x0000000081a00000| Untracked 
|  13|0x0000000081b00000, 0x0000000081c00000, 0x0000000081c00000|100%| O|  |TAMS 0x0000000081c00000, 0x0000000081b00000| Untracked 
|  14|0x0000000081c00000, 0x0000000081d00000, 0x0000000081d00000|100%| O|  |TAMS 0x0000000081d00000, 0x0000000081c00000| Untracked 
|  15|0x0000000081d00000, 0x0000000081e00000, 0x0000000081e00000|100%| O|  |TAMS 0x0000000081e00000, 0x0000000081d00000| Untracked 
|  16|0x0000000081e00000, 0x0000000081f00000, 0x0000000081f00000|100%| O|  |TAMS 0x0000000081f00000, 0x0000000081e00000| Untracked 
|  17|0x0000000081f00000, 0x0000000082000000, 0x0000000082000000|100%| O|  |TAMS 0x0000000082000000, 0x0000000081f00000| Untracked 
|  18|0x0000000082000000, 0x0000000082100000, 0x0000000082100000|100%| O|  |TAMS 0x0000000082100000, 0x0000000082000000| Untracked 
|  19|0x0000000082100000, 0x0000000082200000, 0x0000000082200000|100%| O|  |TAMS 0x0000000082200000, 0x0000000082100000| Untracked 
|  20|0x0000000082200000, 0x0000000082300000, 0x0000000082300000|100%|HS|  |TAMS 0x0000000082300000, 0x0000000082200000| Complete 
|  21|0x0000000082300000, 0x0000000082400000, 0x0000000082400000|100%|HC|  |TAMS 0x0000000082400000, 0x0000000082300000| Complete 
|  22|0x0000000082400000, 0x0000000082500000, 0x0000000082500000|100%| O|  |TAMS 0x0000000082500000, 0x0000000082400000| Untracked 
|  23|0x0000000082500000, 0x0000000082600000, 0x0000000082600000|100%| O|  |TAMS 0x0000000082600000, 0x0000000082500000| Untracked 
|  24|0x0000000082600000, 0x0000000082700000, 0x0000000082700000|100%| O|  |TAMS 0x0000000082700000, 0x0000000082600000| Untracked 
|  25|0x0000000082700000, 0x0000000082800000, 0x0000000082800000|100%| O|  |TAMS 0x0000000082800000, 0x0000000082700000| Untracked 
|  26|0x0000000082800000, 0x0000000082900000, 0x0000000082900000|100%| O|  |TAMS 0x0000000082900000, 0x0000000082800000| Untracked 
|  27|0x0000000082900000, 0x0000000082a00000, 0x0000000082a00000|100%| O|  |TAMS 0x0000000082a00000, 0x0000000082900000| Untracked 
|  28|0x0000000082a00000, 0x0000000082b00000, 0x0000000082b00000|100%| O|  |TAMS 0x0000000082b00000, 0x0000000082a00000| Untracked 
|  29|0x0000000082b00000, 0x0000000082c00000, 0x0000000082c00000|100%| O|  |TAMS 0x0000000082c00000, 0x0000000082b00000| Untracked 
|  30|0x0000000082c00000, 0x0000000082d00000, 0x0000000082d00000|100%| O|  |TAMS 0x0000000082d00000, 0x0000000082c00000| Untracked 
|  31|0x0000000082d00000, 0x0000000082e00000, 0x0000000082e00000|100%| O|  |TAMS 0x0000000082e00000, 0x0000000082d00000| Untracked 
|  32|0x0000000082e00000, 0x0000000082f00000, 0x0000000082f00000|100%| O|  |TAMS 0x0000000082f00000, 0x0000000082e00000| Untracked 
|  33|0x0000000082f00000, 0x0000000083000000, 0x0000000083000000|100%| O|  |TAMS 0x0000000083000000, 0x0000000082f00000| Untracked 
|  34|0x0000000083000000, 0x0000000083100000, 0x0000000083100000|100%| O|  |TAMS 0x0000000083100000, 0x0000000083000000| Untracked 
|  35|0x0000000083100000, 0x0000000083200000, 0x0000000083200000|100%| O|  |TAMS 0x0000000083200000, 0x0000000083100000| Untracked 
|  36|0x0000000083200000, 0x0000000083300000, 0x0000000083300000|100%| O|  |TAMS 0x0000000083300000, 0x0000000083200000| Untracked 
|  37|0x0000000083300000, 0x0000000083400000, 0x0000000083400000|100%| O|  |TAMS 0x0000000083400000, 0x0000000083300000| Untracked 
|  38|0x0000000083400000, 0x0000000083500000, 0x0000000083500000|100%| O|  |TAMS 0x0000000083500000, 0x0000000083400000| Untracked 
|  39|0x0000000083500000, 0x0000000083600000, 0x0000000083600000|100%| O|  |TAMS 0x0000000083600000, 0x0000000083500000| Untracked 
|  40|0x0000000083600000, 0x0000000083700000, 0x0000000083700000|100%| O|  |TAMS 0x0000000083700000, 0x0000000083600000| Untracked 
|  41|0x0000000083700000, 0x0000000083800000, 0x0000000083800000|100%| O|  |TAMS 0x0000000083800000, 0x0000000083700000| Untracked 
|  42|0x0000000083800000, 0x0000000083900000, 0x0000000083900000|100%| O|  |TAMS 0x0000000083900000, 0x0000000083800000| Untracked 
|  43|0x0000000083900000, 0x0000000083a00000, 0x0000000083a00000|100%| O|  |TAMS 0x0000000083a00000, 0x0000000083900000| Untracked 
|  44|0x0000000083a00000, 0x0000000083b00000, 0x0000000083b00000|100%| O|  |TAMS 0x0000000083b00000, 0x0000000083a00000| Untracked 
|  45|0x0000000083b00000, 0x0000000083c00000, 0x0000000083c00000|100%| O|  |TAMS 0x0000000083c00000, 0x0000000083b00000| Untracked 
|  46|0x0000000083c00000, 0x0000000083d00000, 0x0000000083d00000|100%| O|  |TAMS 0x0000000083d00000, 0x0000000083c00000| Untracked 
|  47|0x0000000083d00000, 0x0000000083e00000, 0x0000000083e00000|100%| O|  |TAMS 0x0000000083e00000, 0x0000000083d00000| Untracked 
|  48|0x0000000083e00000, 0x0000000083f00000, 0x0000000083f00000|100%| O|  |TAMS 0x0000000083f00000, 0x0000000083e00000| Untracked 
|  49|0x0000000083f00000, 0x0000000084000000, 0x0000000084000000|100%| O|  |TAMS 0x0000000084000000, 0x0000000083f00000| Untracked 
|  50|0x0000000084000000, 0x0000000084100000, 0x0000000084100000|100%| O|  |TAMS 0x0000000084100000, 0x0000000084000000| Untracked 
|  51|0x0000000084100000, 0x0000000084200000, 0x0000000084200000|100%| O|  |TAMS 0x0000000084200000, 0x0000000084100000| Untracked 
|  52|0x0000000084200000, 0x0000000084300000, 0x0000000084300000|100%| O|  |TAMS 0x0000000084300000, 0x0000000084200000| Untracked 
|  53|0x0000000084300000, 0x0000000084400000, 0x0000000084400000|100%| O|  |TAMS 0x0000000084400000, 0x0000000084300000| Untracked 
|  54|0x0000000084400000, 0x0000000084500000, 0x0000000084500000|100%| O|  |TAMS 0x0000000084500000, 0x0000000084400000| Untracked 
|  55|0x0000000084500000, 0x0000000084600000, 0x0000000084600000|100%|HS|  |TAMS 0x0000000084600000, 0x0000000084500000| Complete 
|  56|0x0000000084600000, 0x0000000084700000, 0x0000000084700000|100%|HC|  |TAMS 0x0000000084700000, 0x0000000084600000| Complete 
|  57|0x0000000084700000, 0x0000000084800000, 0x0000000084800000|100%| O|  |TAMS 0x0000000084800000, 0x0000000084700000| Untracked 
|  58|0x0000000084800000, 0x0000000084900000, 0x0000000084900000|100%| O|  |TAMS 0x0000000084900000, 0x0000000084800000| Untracked 
|  59|0x0000000084900000, 0x0000000084a00000, 0x0000000084a00000|100%| O|  |TAMS 0x0000000084a00000, 0x0000000084900000| Untracked 
|  60|0x0000000084a00000, 0x0000000084b00000, 0x0000000084b00000|100%| O|  |TAMS 0x0000000084b00000, 0x0000000084a00000| Untracked 
|  61|0x0000000084b00000, 0x0000000084c00000, 0x0000000084c00000|100%| O|  |TAMS 0x0000000084c00000, 0x0000000084b00000| Untracked 
|  62|0x0000000084c00000, 0x0000000084c00000, 0x0000000084d00000|  0%| F|  |TAMS 0x0000000084c00000, 0x0000000084c00000| Untracked 
|  63|0x0000000084d00000, 0x0000000084d00000, 0x0000000084e00000|  0%| F|  |TAMS 0x0000000084d00000, 0x0000000084d00000| Untracked 
|  64|0x0000000084e00000, 0x0000000084e00000, 0x0000000084f00000|  0%| F|  |TAMS 0x0000000084e00000, 0x0000000084e00000| Untracked 
|  65|0x0000000084f00000, 0x0000000084f00000, 0x0000000085000000|  0%| F|  |TAMS 0x0000000084f00000, 0x0000000084f00000| Untracked 
|  66|0x0000000085000000, 0x0000000085000000, 0x0000000085100000|  0%| F|  |TAMS 0x0000000085000000, 0x0000000085000000| Untracked 
|  67|0x0000000085100000, 0x0000000085100000, 0x0000000085200000|  0%| F|  |TAMS 0x0000000085100000, 0x0000000085100000| Untracked 
|  68|0x0000000085200000, 0x0000000085200000, 0x0000000085300000|  0%| F|  |TAMS 0x0000000085200000, 0x0000000085200000| Untracked 
|  69|0x0000000085300000, 0x0000000085300000, 0x0000000085400000|  0%| F|  |TAMS 0x0000000085300000, 0x0000000085300000| Untracked 
|  70|0x0000000085400000, 0x0000000085400000, 0x0000000085500000|  0%| F|  |TAMS 0x0000000085400000, 0x0000000085400000| Untracked 
|  71|0x0000000085500000, 0x0000000085500000, 0x0000000085600000|  0%| F|  |TAMS 0x0000000085500000, 0x0000000085500000| Untracked 
|  72|0x0000000085600000, 0x0000000085600000, 0x0000000085700000|  0%| F|  |TAMS 0x0000000085600000, 0x0000000085600000| Untracked 
|  73|0x0000000085700000, 0x0000000085700000, 0x0000000085800000|  0%| F|  |TAMS 0x0000000085700000, 0x0000000085700000| Untracked 
|  74|0x0000000085800000, 0x0000000085800000, 0x0000000085900000|  0%| F|  |TAMS 0x0000000085800000, 0x0000000085800000| Untracked 
|  75|0x0000000085900000, 0x0000000085900000, 0x0000000085a00000|  0%| F|  |TAMS 0x0000000085900000, 0x0000000085900000| Untracked 
|  76|0x0000000085a00000, 0x0000000085a00000, 0x0000000085b00000|  0%| F|  |TAMS 0x0000000085a00000, 0x0000000085a00000| Untracked 
|  77|0x0000000085b00000, 0x0000000085b00000, 0x0000000085c00000|  0%| F|  |TAMS 0x0000000085b00000, 0x0000000085b00000| Untracked 
|  78|0x0000000085c00000, 0x0000000085c00000, 0x0000000085d00000|  0%| F|  |TAMS 0x0000000085c00000, 0x0000000085c00000| Untracked 
|  79|0x0000000085d00000, 0x0000000085d00000, 0x0000000085e00000|  0%| F|  |TAMS 0x0000000085d00000, 0x0000000085d00000| Untracked 
|  80|0x0000000085e00000, 0x0000000085e00000, 0x0000000085f00000|  0%| F|  |TAMS 0x0000000085e00000, 0x0000000085e00000| Untracked 
|  81|0x0000000085f00000, 0x0000000085f00000, 0x0000000086000000|  0%| F|  |TAMS 0x0000000085f00000, 0x0000000085f00000| Untracked 
|  82|0x0000000086000000, 0x0000000086000000, 0x0000000086100000|  0%| F|  |TAMS 0x0000000086000000, 0x0000000086000000| Untracked 
|  83|0x0000000086100000, 0x0000000086100000, 0x0000000086200000|  0%| F|  |TAMS 0x0000000086100000, 0x0000000086100000| Untracked 
|  84|0x0000000086200000, 0x0000000086200000, 0x0000000086300000|  0%| F|  |TAMS 0x0000000086200000, 0x0000000086200000| Untracked 
|  85|0x0000000086300000, 0x0000000086300000, 0x0000000086400000|  0%| F|  |TAMS 0x0000000086300000, 0x0000000086300000| Untracked 
|  86|0x0000000086400000, 0x0000000086500000, 0x0000000086500000|100%| S|CS|TAMS 0x0000000086400000, 0x0000000086400000| Complete 
|  87|0x0000000086500000, 0x0000000086600000, 0x0000000086600000|100%| S|CS|TAMS 0x0000000086500000, 0x0000000086500000| Complete 
|  88|0x0000000086600000, 0x0000000086700000, 0x0000000086700000|100%| S|CS|TAMS 0x0000000086600000, 0x0000000086600000| Complete 
|  89|0x0000000086700000, 0x0000000086800000, 0x0000000086800000|100%| S|CS|TAMS 0x0000000086700000, 0x0000000086700000| Complete 
|  90|0x0000000086800000, 0x0000000086900000, 0x0000000086900000|100%| S|CS|TAMS 0x0000000086800000, 0x0000000086800000| Complete 
|  91|0x0000000086900000, 0x0000000086900000, 0x0000000086a00000|  0%| F|  |TAMS 0x0000000086900000, 0x0000000086900000| Untracked 
|  92|0x0000000086a00000, 0x0000000086a00000, 0x0000000086b00000|  0%| F|  |TAMS 0x0000000086a00000, 0x0000000086a00000| Untracked 
|  93|0x0000000086b00000, 0x0000000086b00000, 0x0000000086c00000|  0%| F|  |TAMS 0x0000000086b00000, 0x0000000086b00000| Untracked 
|  94|0x0000000086c00000, 0x0000000086c00000, 0x0000000086d00000|  0%| F|  |TAMS 0x0000000086c00000, 0x0000000086c00000| Untracked 
|  95|0x0000000086d00000, 0x0000000086d00000, 0x0000000086e00000|  0%| F|  |TAMS 0x0000000086d00000, 0x0000000086d00000| Untracked 
|  96|0x0000000086e00000, 0x0000000086e00000, 0x0000000086f00000|  0%| F|  |TAMS 0x0000000086e00000, 0x0000000086e00000| Untracked 
|  97|0x0000000086f00000, 0x0000000086f00000, 0x0000000087000000|  0%| F|  |TAMS 0x0000000086f00000, 0x0000000086f00000| Untracked 
|  98|0x0000000087000000, 0x0000000087000000, 0x0000000087100000|  0%| F|  |TAMS 0x0000000087000000, 0x0000000087000000| Untracked 
|  99|0x0000000087100000, 0x0000000087180800, 0x0000000087200000| 50%| E|  |TAMS 0x0000000087100000, 0x0000000087100000| Complete 
| 100|0x0000000087200000, 0x0000000087300000, 0x0000000087300000|100%| E|CS|TAMS 0x0000000087200000, 0x0000000087200000| Complete 
| 101|0x0000000087300000, 0x0000000087400000, 0x0000000087400000|100%| E|CS|TAMS 0x0000000087300000, 0x0000000087300000| Complete 
| 102|0x0000000087400000, 0x0000000087500000, 0x0000000087500000|100%| E|CS|TAMS 0x0000000087400000, 0x0000000087400000| Complete 
| 103|0x0000000087500000, 0x0000000087600000, 0x0000000087600000|100%| E|CS|TAMS 0x0000000087500000, 0x0000000087500000| Complete 
| 104|0x0000000087600000, 0x0000000087700000, 0x0000000087700000|100%| E|CS|TAMS 0x0000000087600000, 0x0000000087600000| Complete 
| 105|0x0000000087700000, 0x0000000087800000, 0x0000000087800000|100%| E|CS|TAMS 0x0000000087700000, 0x0000000087700000| Complete 
| 106|0x0000000087800000, 0x0000000087900000, 0x0000000087900000|100%| E|CS|TAMS 0x0000000087800000, 0x0000000087800000| Complete 
| 107|0x0000000087900000, 0x0000000087a00000, 0x0000000087a00000|100%| E|CS|TAMS 0x0000000087900000, 0x0000000087900000| Complete 
| 108|0x0000000087a00000, 0x0000000087b00000, 0x0000000087b00000|100%| E|CS|TAMS 0x0000000087a00000, 0x0000000087a00000| Complete 
| 109|0x0000000087b00000, 0x0000000087c00000, 0x0000000087c00000|100%| E|CS|TAMS 0x0000000087b00000, 0x0000000087b00000| Complete 
| 110|0x0000000087c00000, 0x0000000087d00000, 0x0000000087d00000|100%| E|CS|TAMS 0x0000000087c00000, 0x0000000087c00000| Complete 
| 111|0x0000000087d00000, 0x0000000087e00000, 0x0000000087e00000|100%| E|CS|TAMS 0x0000000087d00000, 0x0000000087d00000| Complete 
| 112|0x0000000087e00000, 0x0000000087f00000, 0x0000000087f00000|100%| E|CS|TAMS 0x0000000087e00000, 0x0000000087e00000| Complete 
| 113|0x0000000087f00000, 0x0000000088000000, 0x0000000088000000|100%| E|CS|TAMS 0x0000000087f00000, 0x0000000087f00000| Complete 
| 114|0x0000000088000000, 0x0000000088100000, 0x0000000088100000|100%| E|CS|TAMS 0x0000000088000000, 0x0000000088000000| Complete 
| 115|0x0000000088100000, 0x0000000088200000, 0x0000000088200000|100%| E|CS|TAMS 0x0000000088100000, 0x0000000088100000| Complete 
| 116|0x0000000088200000, 0x0000000088300000, 0x0000000088300000|100%| E|CS|TAMS 0x0000000088200000, 0x0000000088200000| Complete 
| 117|0x0000000088300000, 0x0000000088400000, 0x0000000088400000|100%| E|CS|TAMS 0x0000000088300000, 0x0000000088300000| Complete 
| 118|0x0000000088400000, 0x0000000088500000, 0x0000000088500000|100%| E|CS|TAMS 0x0000000088400000, 0x0000000088400000| Complete 
| 119|0x0000000088500000, 0x0000000088600000, 0x0000000088600000|100%| E|CS|TAMS 0x0000000088500000, 0x0000000088500000| Complete 
| 120|0x0000000088600000, 0x0000000088700000, 0x0000000088700000|100%| E|CS|TAMS 0x0000000088600000, 0x0000000088600000| Complete 
| 121|0x0000000088700000, 0x0000000088800000, 0x0000000088800000|100%| E|CS|TAMS 0x0000000088700000, 0x0000000088700000| Complete 
| 122|0x0000000088800000, 0x0000000088900000, 0x0000000088900000|100%| E|CS|TAMS 0x0000000088800000, 0x0000000088800000| Complete 
| 123|0x0000000088900000, 0x0000000088a00000, 0x0000000088a00000|100%| E|CS|TAMS 0x0000000088900000, 0x0000000088900000| Complete 
| 124|0x0000000088a00000, 0x0000000088b00000, 0x0000000088b00000|100%| E|CS|TAMS 0x0000000088a00000, 0x0000000088a00000| Complete 
| 125|0x0000000088b00000, 0x0000000088c00000, 0x0000000088c00000|100%| E|CS|TAMS 0x0000000088b00000, 0x0000000088b00000| Complete 
| 126|0x0000000088c00000, 0x0000000088d00000, 0x0000000088d00000|100%| E|CS|TAMS 0x0000000088c00000, 0x0000000088c00000| Complete 
| 127|0x0000000088d00000, 0x0000000088e00000, 0x0000000088e00000|100%| E|CS|TAMS 0x0000000088d00000, 0x0000000088d00000| Complete 

Card table byte_map: [0x00000269753b0000,0x00000269757b0000] _byte_map_base: 0x0000026974fa9000

Marking Bits (Prev, Next): (CMBitMap*) 0x00000269624ccfe8, (CMBitMap*) 0x00000269624cd020
 Prev Bits: [0x0000026975bb0000, 0x0000026977b78000)
 Next Bits: [0x0000026977b80000, 0x0000026979b48000)

Polling page: 0x0000026960300000

Metaspace:

Usage:
  Non-class:     61.48 MB capacity,    60.94 MB (>99%) used,   420.40 KB ( <1%) free+waste,   126.94 KB ( <1%) overhead. 
      Class:      7.86 MB capacity,     7.51 MB ( 95%) used,   311.90 KB (  4%) free+waste,    54.31 KB ( <1%) overhead. 
       Both:     69.34 MB capacity,    68.45 MB ( 99%) used,   732.30 KB (  1%) free+waste,   181.25 KB ( <1%) overhead. 

Virtual space:
  Non-class space:       62.00 MB reserved,      61.50 MB (>99%) committed 
      Class space:        1.00 GB reserved,       7.88 MB ( <1%) committed 
             Both:        1.06 GB reserved,      69.38 MB (  6%) committed 

Chunk freelists:
   Non-Class:  22.00 KB
       Class:  11.00 KB
        Both:  33.00 KB

MaxMetaspaceSize: 17179869184.00 GB
CompressedClassSpaceSize: 1.00 GB
Initial GC threshold: 20.80 MB
Current GC threshold: 113.34 MB
CDS: off

CodeHeap 'non-profiled nmethods': size=120064Kb used=7670Kb max_used=7670Kb free=112393Kb
 bounds [0x000002696da70000, 0x000002696e1f0000, 0x0000026974fb0000]
CodeHeap 'profiled nmethods': size=120000Kb used=38192Kb max_used=38192Kb free=81808Kb
 bounds [0x0000026966540000, 0x0000026968a90000, 0x000002696da70000]
CodeHeap 'non-nmethods': size=5696Kb used=1311Kb max_used=1373Kb free=4384Kb
 bounds [0x0000026965fb0000, 0x0000026966220000, 0x0000026966540000]
 total_blobs=12466 nmethods=11873 adapters=502
 compilation: enabled
              stopped_count=0, restarted_count=0
 full_count=0

Compilation events (20 events):
Event: 50.982 Thread 0x000002697c062800 11895       3       org.jetbrains.kotlin.types.typeUtil.TypeUtilsKt::isEnum (57 bytes)
Event: 50.982 Thread 0x000002697c062800 nmethod 11895 0x0000026968a6e890 code [0x0000026968a6eb20, 0x0000026968a6f5c8]
Event: 50.988 Thread 0x000002697c062800 11896       3       javaslang.collection.HashArrayMappedTrieModule$LeafNodeIterator::hasNext (17 bytes)
Event: 50.989 Thread 0x000002697c062800 nmethod 11896 0x0000026968a6f890 code [0x0000026968a6fa40, 0x0000026968a6fb98]
Event: 51.027 Thread 0x000002697c062800 11897       3       org.jetbrains.kotlin.resolve.scopes.SyntheticScope$Default::getSyntheticStaticFunctions (19 bytes)
Event: 51.028 Thread 0x000002697c062800 nmethod 11897 0x0000026968a6fc10 code [0x0000026968a6fec0, 0x0000026968a70918]
Event: 51.029 Thread 0x000002697c062800 11898       3       org.jetbrains.kotlin.resolve.calls.components.CollectionTypeVariableUsagesInfo$getDependentTypeParameters$dependentTypeParameters$1::invoke (434 bytes)
Event: 51.032 Thread 0x000002697c062800 nmethod 11898 0x0000026968a70d10 code [0x0000026968a71440, 0x0000026968a75d18]
Event: 51.032 Thread 0x000002697c062800 11899       3       org.jetbrains.kotlin.resolve.calls.results.OverloadingConflictResolver$chooseMaximallySpecificCandidates$noOverrides$2::invoke (108 bytes)
Event: 51.033 Thread 0x000002697c062800 nmethod 11899 0x0000026968a77a10 code [0x0000026968a77ce0, 0x0000026968a79038]
Event: 51.033 Thread 0x000002697c062800 11900       3       kotlin.ranges.RangesKt___RangesKt::coerceAtMost (11 bytes)
Event: 51.033 Thread 0x000002697c062800 nmethod 11900 0x0000026968a79490 code [0x0000026968a79640, 0x0000026968a79778]
Event: 51.039 Thread 0x000002697c062800 11901       3       org.jetbrains.kotlin.types.model.MarkerExtensionsKt::dependsOnTypeConstructor (44 bytes)
Event: 51.040 Thread 0x000002697c062800 nmethod 11901 0x0000026968a79810 code [0x0000026968a79b60, 0x0000026968a7ace8]
Event: 51.042 Thread 0x000002697c062800 11902       3       org.jetbrains.kotlin.resolve.calls.components.NewOverloadingConflictResolver$6::invoke (9 bytes)
Event: 51.042 Thread 0x000002697c062800 nmethod 11902 0x0000026968a7b310 code [0x0000026968a7b580, 0x0000026968a7bea8]
Event: 51.080 Thread 0x000002697c062800 11903       3       kotlin.collections.builders.MapBuilder::addKey$kotlin_stdlib (198 bytes)
Event: 51.081 Thread 0x000002697c062800 nmethod 11903 0x0000026968a7c190 code [0x0000026968a7c460, 0x0000026968a7d3e8]
Event: 51.081 Thread 0x000002697c062800 11904       1       org.jetbrains.kotlin.resolve.calls.results.FlatSignature::isSyntheticMember (5 bytes)
Event: 51.081 Thread 0x000002697c062800 nmethod 11904 0x000002696e1ed710 code [0x000002696e1ed8c0, 0x000002696e1ed978]

GC Heap History (20 events):
Event: 11.641 GC heap before
{Heap before GC invocations=3 (full 0):
 garbage-first heap   total 131072K, used 61631K [0x0000000080e00000, 0x0000000100000000)
  region size 1024K, 53 young (54272K), 6 survivors (6144K)
 Metaspace       used 32008K, capacity 32413K, committed 32640K, reserved 1077248K
  class space    used 3938K, capacity 4117K, committed 4224K, reserved 1048576K
}
Event: 11.654 GC heap after
{Heap after GC invocations=4 (full 0):
 garbage-first heap   total 131072K, used 21275K [0x0000000080e00000, 0x0000000100000000)
  region size 1024K, 7 young (7168K), 7 survivors (7168K)
 Metaspace       used 32008K, capacity 32413K, committed 32640K, reserved 1077248K
  class space    used 3938K, capacity 4117K, committed 4224K, reserved 1048576K
}
Event: 12.705 GC heap before
{Heap before GC invocations=4 (full 0):
 garbage-first heap   total 131072K, used 35611K [0x0000000080e00000, 0x0000000100000000)
  region size 1024K, 22 young (22528K), 7 survivors (7168K)
 Metaspace       used 35352K, capacity 35789K, committed 35840K, reserved 1081344K
  class space    used 4307K, capacity 4475K, committed 4480K, reserved 1048576K
}
Event: 12.716 GC heap after
{Heap after GC invocations=5 (full 0):
 garbage-first heap   total 131072K, used 20335K [0x0000000080e00000, 0x0000000100000000)
  region size 1024K, 2 young (2048K), 2 survivors (2048K)
 Metaspace       used 35352K, capacity 35789K, committed 35840K, reserved 1081344K
  class space    used 4307K, capacity 4475K, committed 4480K, reserved 1048576K
}
Event: 20.782 GC heap before
{Heap before GC invocations=6 (full 0):
 garbage-first heap   total 131072K, used 75631K [0x0000000080e00000, 0x0000000100000000)
  region size 1024K, 56 young (57344K), 2 survivors (2048K)
 Metaspace       used 46367K, capacity 46888K, committed 47104K, reserved 1091584K
  class space    used 5390K, capacity 5583K, committed 5632K, reserved 1048576K
}
Event: 20.791 GC heap after
{Heap after GC invocations=7 (full 0):
 garbage-first heap   total 131072K, used 26303K [0x0000000080e00000, 0x0000000100000000)
  region size 1024K, 7 young (7168K), 7 survivors (7168K)
 Metaspace       used 46367K, capacity 46888K, committed 47104K, reserved 1091584K
  class space    used 5390K, capacity 5583K, committed 5632K, reserved 1048576K
}
Event: 24.912 GC heap before
{Heap before GC invocations=7 (full 0):
 garbage-first heap   total 131072K, used 87743K [0x0000000080e00000, 0x0000000100000000)
  region size 1024K, 64 young (65536K), 7 survivors (7168K)
 Metaspace       used 53158K, capacity 53717K, committed 54016K, reserved 1097728K
  class space    used 6076K, capacity 6310K, committed 6400K, reserved 1048576K
}
Event: 24.930 GC heap after
{Heap after GC invocations=8 (full 0):
 garbage-first heap   total 131072K, used 35395K [0x0000000080e00000, 0x0000000100000000)
  region size 1024K, 7 young (7168K), 7 survivors (7168K)
 Metaspace       used 53158K, capacity 53717K, committed 54016K, reserved 1097728K
  class space    used 6076K, capacity 6310K, committed 6400K, reserved 1048576K
}
Event: 27.814 GC heap before
{Heap before GC invocations=8 (full 0):
 garbage-first heap   total 131072K, used 66115K [0x0000000080e00000, 0x0000000100000000)
  region size 1024K, 38 young (38912K), 7 survivors (7168K)
 Metaspace       used 58824K, capacity 59649K, committed 59904K, reserved 1101824K
  class space    used 6850K, capacity 7158K, committed 7168K, reserved 1048576K
}
Event: 27.828 GC heap after
{Heap after GC invocations=9 (full 0):
 garbage-first heap   total 131072K, used 38802K [0x0000000080e00000, 0x0000000100000000)
  region size 1024K, 4 young (4096K), 4 survivors (4096K)
 Metaspace       used 58824K, capacity 59649K, committed 59904K, reserved 1101824K
  class space    used 6850K, capacity 7158K, committed 7168K, reserved 1048576K
}
Event: 32.014 GC heap before
{Heap before GC invocations=10 (full 0):
 garbage-first heap   total 131072K, used 95122K [0x0000000080e00000, 0x0000000100000000)
  region size 1024K, 59 young (60416K), 4 survivors (4096K)
 Metaspace       used 62457K, capacity 63237K, committed 63360K, reserved 1105920K
  class space    used 7123K, capacity 7442K, committed 7552K, reserved 1048576K
}
Event: 32.032 GC heap after
{Heap after GC invocations=11 (full 0):
 garbage-first heap   total 131072K, used 49152K [0x0000000080e00000, 0x0000000100000000)
  region size 1024K, 8 young (8192K), 8 survivors (8192K)
 Metaspace       used 62457K, capacity 63237K, committed 63360K, reserved 1105920K
  class space    used 7123K, capacity 7442K, committed 7552K, reserved 1048576K
}
Event: 33.947 GC heap before
{Heap before GC invocations=11 (full 0):
 garbage-first heap   total 131072K, used 98304K [0x0000000080e00000, 0x0000000100000000)
  region size 1024K, 56 young (57344K), 8 survivors (8192K)
 Metaspace       used 64026K, capacity 64877K, committed 65024K, reserved 1105920K
  class space    used 7239K, capacity 7584K, committed 7680K, reserved 1048576K
}
Event: 33.964 GC heap after
{Heap after GC invocations=12 (full 0):
 garbage-first heap   total 131072K, used 55962K [0x0000000080e00000, 0x0000000100000000)
  region size 1024K, 6 young (6144K), 6 survivors (6144K)
 Metaspace       used 64026K, capacity 64877K, committed 65024K, reserved 1105920K
  class space    used 7239K, capacity 7584K, committed 7680K, reserved 1048576K
}
Event: 39.849 GC heap before
{Heap before GC invocations=12 (full 0):
 garbage-first heap   total 131072K, used 101018K [0x0000000080e00000, 0x0000000100000000)
  region size 1024K, 50 young (51200K), 6 survivors (6144K)
 Metaspace       used 67881K, capacity 68777K, committed 68864K, reserved 1110016K
  class space    used 7528K, capacity 7871K, committed 7936K, reserved 1048576K
}
Event: 39.863 GC heap after
{Heap after GC invocations=13 (full 0):
 garbage-first heap   total 131072K, used 61418K [0x0000000080e00000, 0x0000000100000000)
  region size 1024K, 5 young (5120K), 5 survivors (5120K)
 Metaspace       used 67881K, capacity 68777K, committed 68864K, reserved 1110016K
  class space    used 7528K, capacity 7871K, committed 7936K, reserved 1048576K
}
Event: 42.824 GC heap before
{Heap before GC invocations=13 (full 0):
 garbage-first heap   total 131072K, used 83946K [0x0000000080e00000, 0x0000000100000000)
  region size 1024K, 26 young (26624K), 5 survivors (5120K)
 Metaspace       used 68616K, capacity 69551K, committed 69632K, reserved 1112064K
  class space    used 7552K, capacity 7911K, committed 7936K, reserved 1048576K
}
Event: 42.835 GC heap after
{Heap after GC invocations=14 (full 0):
 garbage-first heap   total 131072K, used 66503K [0x0000000080e00000, 0x0000000100000000)
  region size 1024K, 3 young (3072K), 3 survivors (3072K)
 Metaspace       used 68616K, capacity 69551K, committed 69632K, reserved 1112064K
  class space    used 7552K, capacity 7911K, committed 7936K, reserved 1048576K
}
Event: 46.567 GC heap before
{Heap before GC invocations=15 (full 0):
 garbage-first heap   total 131072K, used 102343K [0x0000000080e00000, 0x0000000100000000)
  region size 1024K, 37 young (37888K), 3 survivors (3072K)
 Metaspace       used 69471K, capacity 70361K, committed 70528K, reserved 1112064K
  class space    used 7630K, capacity 7987K, committed 8064K, reserved 1048576K
}
Event: 46.574 GC heap after
{Heap after GC invocations=16 (full 0):
 garbage-first heap   total 131072K, used 68608K [0x0000000080e00000, 0x0000000100000000)
  region size 1024K, 5 young (5120K), 5 survivors (5120K)
 Metaspace       used 69471K, capacity 70361K, committed 70528K, reserved 1112064K
  class space    used 7630K, capacity 7987K, committed 8064K, reserved 1048576K
}

Deoptimization events (20 events):
Event: 50.722 Thread 0x000002696248d000 Uncommon trap: trap_request=0xffffffde fr.pc=0x000002696dbcb4e0 relative=0x0000000000000180
Event: 50.722 Thread 0x000002696248d000 Uncommon trap: reason=class_check action=maybe_recompile pc=0x000002696dbcb4e0 method=org.jetbrains.kotlin.com.intellij.lexer.FlexAdapter.locateToken()V @ 29 c2
Event: 50.722 Thread 0x000002696248d000 DEOPT PACKING pc=0x000002696dbcb4e0 sp=0x000000b7d8dfc200
Event: 50.722 Thread 0x000002696248d000 DEOPT UNPACKING pc=0x0000026965ffa1af sp=0x000000b7d8dfc158 mode 2
Event: 50.722 Thread 0x000002696248d000 Uncommon trap: trap_request=0xffffffde fr.pc=0x000002696dbc88cc relative=0x000000000000016c
Event: 50.722 Thread 0x000002696248d000 Uncommon trap: reason=class_check action=maybe_recompile pc=0x000002696dbc88cc method=org.jetbrains.kotlin.com.intellij.lexer.FlexAdapter.locateToken()V @ 29 c2
Event: 50.722 Thread 0x000002696248d000 DEOPT PACKING pc=0x000002696dbc88cc sp=0x000000b7d8dfc150
Event: 50.722 Thread 0x000002696248d000 DEOPT UNPACKING pc=0x0000026965ffa1af sp=0x000000b7d8dfc100 mode 2
Event: 50.725 Thread 0x000002696248d000 Uncommon trap: trap_request=0xffffffde fr.pc=0x000002696dbcbc58 relative=0x0000000000000178
Event: 50.725 Thread 0x000002696248d000 Uncommon trap: reason=class_check action=maybe_recompile pc=0x000002696dbcbc58 method=org.jetbrains.kotlin.com.intellij.lexer.FlexAdapter.locateToken()V @ 29 c2
Event: 50.725 Thread 0x000002696248d000 DEOPT PACKING pc=0x000002696dbcbc58 sp=0x000000b7d8dfc200
Event: 50.725 Thread 0x000002696248d000 DEOPT UNPACKING pc=0x0000026965ffa1af sp=0x000000b7d8dfc158 mode 2
Event: 50.738 Thread 0x000002696248d000 Uncommon trap: trap_request=0xffffff4d fr.pc=0x000002696e0e0064 relative=0x0000000000000944
Event: 50.738 Thread 0x000002696248d000 Uncommon trap: reason=unstable_if action=reinterpret pc=0x000002696e0e0064 method=org.jetbrains.kotlin.parsing.KotlinParserDefinition.createElement(Lorg/jetbrains/kotlin/com/intellij/lang/ASTNode;)Lorg/jetbrains/kotlin/com/intellij/psi/PsiElement; @ 104 c
Event: 50.738 Thread 0x000002696248d000 DEOPT PACKING pc=0x000002696e0e0064 sp=0x000000b7d8dfca00
Event: 50.738 Thread 0x000002696248d000 DEOPT UNPACKING pc=0x0000026965ffa1af sp=0x000000b7d8dfc9f0 mode 2
Event: 50.881 Thread 0x000002696248d000 Uncommon trap: trap_request=0x0000009a fr.pc=0x000002696e1d0788 relative=0x00000000000047a8
Event: 50.881 Thread 0x000002696248d000 Uncommon trap: reason=unloaded action=reinterpret pc=0x000002696e1d0788 method=org.jetbrains.kotlin.resolve.calls.smartcasts.IdentifierInfoKt.getIdForStableIdentifier(Lorg/jetbrains/kotlin/psi/KtExpression;Lorg/jetbrains/kotlin/resolve/BindingContext;Lorg
Event: 50.881 Thread 0x000002696248d000 DEOPT PACKING pc=0x000002696e1d0788 sp=0x000000b7d8dfd270
Event: 50.881 Thread 0x000002696248d000 DEOPT UNPACKING pc=0x0000026965ffa1af sp=0x000000b7d8dfd290 mode 2

Classes redefined (0 events):
No events

Internal exceptions (20 events):
Event: 26.484 Thread 0x000002696248d000 Exception <a 'java/lang/NoSuchMethodError'{0x0000000087fac728}: 'java.lang.Object java.lang.invoke.Invokers$Holder.linkToTargetMethod(java.lang.Object, java.lang.Object, java.lang.Object, int, java.lang.Object)'> (0x0000000087fac728) thrown at [./src/hotspot/share/interpreter/linkResolver.cpp, line 773]
Event: 26.522 Thread 0x000002696248d000 Exception <a 'java/lang/NoSuchMethodError'{0x0000000087ef4d68}: 'void java.lang.invoke.DirectMethodHandle$Holder.invokeInterface(java.lang.Object, java.lang.Object)'> (0x0000000087ef4d68) thrown at [./src/hotspot/share/interpreter/linkResolver.cpp, line 773]
Event: 27.628 Thread 0x000002696248d000 Exception <a 'java/lang/NoSuchMethodError'{0x000000008704fa78}: 'java.lang.Object java.lang.invoke.DirectMethodHandle$Holder.invokeStaticInit(java.lang.Object, java.lang.Object, java.lang.Object)'> (0x000000008704fa78) thrown at [./src/hotspot/share/interpreter/linkResolver.cpp, line 773]
Event: 27.673 Thread 0x000002696248d000 Exception <a 'java/lang/NoSuchMethodError'{0x0000000086f25a50}: 'int java.lang.invoke.DirectMethodHandle$Holder.invokeStatic(java.lang.Object, java.lang.Object, java.lang.Object, java.lang.Object, java.lang.Object)'> (0x0000000086f25a50) thrown at [./src/hotspot/share/interpreter/linkResolver.cpp, line 773]
Event: 29.499 Thread 0x000002696248d000 Exception <a 'java/lang/NoSuchMethodError'{0x00000000881a6b48}: 'int java.lang.invoke.DirectMethodHandle$Holder.invokeStaticInit(java.lang.Object, int)'> (0x00000000881a6b48) thrown at [./src/hotspot/share/interpreter/linkResolver.cpp, line 773]
Event: 30.152 Thread 0x000002696248d000 Exception <a 'java/lang/NoSuchMethodError'{0x00000000877d55a0}: 'int java.lang.invoke.DirectMethodHandle$Holder.invokeInterface(java.lang.Object, java.lang.Object)'> (0x00000000877d55a0) thrown at [./src/hotspot/share/interpreter/linkResolver.cpp, line 773]
Event: 30.602 Thread 0x000002696248d000 Exception <a 'java/lang/NoSuchMethodError'{0x00000000873aff40}: 'java.lang.Object java.lang.invoke.DirectMethodHandle$Holder.invokeStatic(java.lang.Object, int, java.lang.Object, java.lang.Object)'> (0x00000000873aff40) thrown at [./src/hotspot/share/interpreter/linkResolver.cpp, line 773]
Event: 32.747 Thread 0x000002696248d000 Exception <a 'java/lang/NoSuchMethodError'{0x00000000876ad1f8}: 'java.lang.Object java.lang.invoke.DirectMethodHandle$Holder.invokeInterface(java.lang.Object, java.lang.Object, java.lang.Object)'> (0x00000000876ad1f8) thrown at [./src/hotspot/share/interpreter/linkResolver.cpp, line 773]
Event: 32.748 Thread 0x000002696248d000 Exception <a 'java/lang/IncompatibleClassChangeError'{0x00000000876b0428}: Found class java.lang.Object, but interface was expected> (0x00000000876b0428) thrown at [./src/hotspot/share/interpreter/linkResolver.cpp, line 839]
Event: 32.966 Thread 0x000002696248d000 Exception <a 'java/lang/NoSuchMethodError'{0x0000000086b8c988}: 'java.lang.Object java.lang.invoke.Invokers$Holder.linkToTargetMethod(java.lang.Object, java.lang.Object, java.lang.Object, java.lang.Object, java.lang.Object, java.lang.Object, java.lang.Object)'> (0x0000000086b8c988) thrown at [./src/hotspot/share/interpreter/linkResolver.cpp, line 773]
Event: 33.678 Thread 0x000002696248d000 Implicit null exception at 0x000002696de519bc to 0x000002696de52b44
Event: 34.280 Thread 0x000002696248d000 Exception <a 'java/lang/NoSuchMethodError'{0x0000000088bff4b8}: 'java.lang.Object java.lang.invoke.Invokers$Holder.linkToTargetMethod(java.lang.Object, java.lang.Object, java.lang.Object, int, int, java.lang.Object)'> (0x0000000088bff4b8) thrown at [./src/hotspot/share/interpreter/linkResolver.cpp, line 773]
Event: 34.606 Thread 0x000002696248d000 Implicit null exception at 0x000002696df213f3 to 0x000002696df28d9c
Event: 36.463 Thread 0x000002696248d000 Implicit null exception at 0x000002696dac9d75 to 0x000002696dac9f3c
Event: 37.869 Thread 0x000002696248d000 Implicit null exception at 0x000002696deabb60 to 0x000002696deadbe0
Event: 38.736 Thread 0x000002696248d000 Implicit null exception at 0x000002696dfbf04c to 0x000002696dfbf114
Event: 40.513 Thread 0x000002696248d000 Implicit null exception at 0x000002696df5ef7c to 0x000002696df5f280
Event: 40.627 Thread 0x000002696248d000 Implicit null exception at 0x000002696de92ffa to 0x000002696de932ec
Event: 40.848 Thread 0x000002696248d000 Implicit null exception at 0x000002696e01dc77 to 0x000002696e01e26c
Event: 40.900 Thread 0x000002696248d000 Implicit null exception at 0x000002696dffbff4 to 0x000002696dffc5f4

Events (20 events):
Event: 47.791 Executing VM operation: ICBufferFull
Event: 47.791 Executing VM operation: ICBufferFull done
Event: 47.947 loading class kotlin/jvm/internal/IntCompanionObject
Event: 47.947 loading class kotlin/jvm/internal/IntCompanionObject done
Event: 50.719 loading class org/jetbrains/kotlin/kdoc/lexer/_KDocLexer
Event: 50.719 loading class org/jetbrains/kotlin/kdoc/lexer/_KDocLexer done
Event: 50.725 loading class org/jetbrains/kotlin/kdoc/parser/KDocParser
Event: 50.725 loading class org/jetbrains/kotlin/kdoc/parser/KDocParser done
Event: 50.735 loading class org/jetbrains/kotlin/kdoc/parser/KDocElementTypes
Event: 50.735 loading class org/jetbrains/kotlin/kdoc/parser/KDocElementTypes done
Event: 50.735 loading class org/jetbrains/kotlin/kdoc/psi/impl/KDocSection
Event: 50.735 loading class org/jetbrains/kotlin/kdoc/psi/impl/KDocSection done
Event: 50.736 loading class org/jetbrains/kotlin/kdoc/psi/impl/KDocTag
Event: 50.736 loading class org/jetbrains/kotlin/kdoc/psi/impl/KDocTag done
Event: 50.737 loading class org/jetbrains/kotlin/kdoc/psi/impl/KDocElementImpl
Event: 50.737 loading class org/jetbrains/kotlin/kdoc/psi/impl/KDocElementImpl done
Event: 50.738 loading class org/jetbrains/kotlin/kdoc/psi/impl/KDocName
Event: 50.738 loading class org/jetbrains/kotlin/kdoc/psi/impl/KDocName done
Event: 50.738 loading class org/jetbrains/kotlin/kdoc/psi/impl/KDocTag$Companion
Event: 50.738 loading class org/jetbrains/kotlin/kdoc/psi/impl/KDocTag$Companion done


Dynamic libraries:
0x00007ff7eb950000 - 0x00007ff7eb95a000 	D:\Ides\AndroidStudio\jre\bin\java.exe
0x00007ff83cb90000 - 0x00007ff83cd88000 	C:\Windows\SYSTEM32\ntdll.dll
0x00007ff83b6d0000 - 0x00007ff83b78f000 	C:\Windows\System32\KERNEL32.DLL
0x00007ff83a5c0000 - 0x00007ff83a892000 	C:\Windows\System32\KERNELBASE.dll
0x00007ff82d330000 - 0x00007ff82d349000 	D:\Ides\AndroidStudio\jre\bin\jli.dll
0x00007ff83bca0000 - 0x00007ff83be41000 	C:\Windows\System32\USER32.dll
0x00007ff83a430000 - 0x00007ff83a452000 	C:\Windows\System32\win32u.dll
0x00007ff83bfb0000 - 0x00007ff83bfdb000 	C:\Windows\System32\GDI32.dll
0x00007ff83a320000 - 0x00007ff83a42f000 	C:\Windows\System32\gdi32full.dll
0x00007ff83a280000 - 0x00007ff83a31d000 	C:\Windows\System32\msvcp_win.dll
0x00007ff82cab0000 - 0x00007ff82cac7000 	D:\Ides\AndroidStudio\jre\bin\VCRUNTIME140.dll
0x00007ff824410000 - 0x00007ff8246aa000 	C:\Windows\WinSxS\amd64_microsoft.windows.common-controls_6595b64144ccf1df_6.0.19041.1110_none_60b5254171f9507e\COMCTL32.dll
0x00007ff83b790000 - 0x00007ff83b82e000 	C:\Windows\System32\msvcrt.dll
0x00007ff83a8a0000 - 0x00007ff83a9a0000 	C:\Windows\System32\ucrtbase.dll
0x00007ff83ca80000 - 0x00007ff83cab2000 	C:\Windows\System32\IMM32.DLL
0x00007ff81bda0000 - 0x00007ff81be3d000 	D:\Ides\AndroidStudio\jre\bin\msvcp140.dll
0x00007ff80c4b0000 - 0x00007ff80cfb2000 	D:\Ides\AndroidStudio\jre\bin\server\jvm.dll
0x00007ff83c230000 - 0x00007ff83c2de000 	C:\Windows\System32\ADVAPI32.dll
0x00007ff83c190000 - 0x00007ff83c22c000 	C:\Windows\System32\sechost.dll
0x00007ff83ae40000 - 0x00007ff83af65000 	C:\Windows\System32\RPCRT4.dll
0x00007ff83b6c0000 - 0x00007ff83b6c8000 	C:\Windows\System32\PSAPI.DLL
0x00007ff8360b0000 - 0x00007ff8360b9000 	C:\Windows\SYSTEM32\WSOCK32.dll
0x00007ff83be50000 - 0x00007ff83bebb000 	C:\Windows\System32\WS2_32.dll
0x00007ff832be0000 - 0x00007ff832c07000 	C:\Windows\SYSTEM32\WINMM.dll
0x00007ff834680000 - 0x00007ff83468a000 	C:\Windows\SYSTEM32\VERSION.dll
0x00007ff838160000 - 0x00007ff838172000 	C:\Windows\SYSTEM32\kernel.appcore.dll
0x00007ff8294d0000 - 0x00007ff8294e1000 	D:\Ides\AndroidStudio\jre\bin\verify.dll
0x00007ff833a80000 - 0x00007ff833c64000 	C:\Windows\SYSTEM32\DBGHELP.DLL
0x00007ff82c250000 - 0x00007ff82c285000 	C:\Windows\SYSTEM32\dbgcore.DLL
0x00007ff83a9a0000 - 0x00007ff83aa22000 	C:\Windows\System32\bcryptPrimitives.dll
0x00007ff827dd0000 - 0x00007ff827df9000 	D:\Ides\AndroidStudio\jre\bin\java.dll
0x00007ff832c60000 - 0x00007ff832c6b000 	D:\Ides\AndroidStudio\jre\bin\jimage.dll
0x00007ff825e10000 - 0x00007ff825e28000 	D:\Ides\AndroidStudio\jre\bin\zip.dll
0x00007ff83af70000 - 0x00007ff83b6b5000 	C:\Windows\System32\SHELL32.dll
0x00007ff838360000 - 0x00007ff838af2000 	C:\Windows\SYSTEM32\windows.storage.dll
0x00007ff83c410000 - 0x00007ff83c765000 	C:\Windows\System32\combase.dll
0x00007ff839ce0000 - 0x00007ff839d10000 	C:\Windows\SYSTEM32\Wldp.dll
0x00007ff83c850000 - 0x00007ff83c8fd000 	C:\Windows\System32\SHCORE.dll
0x00007ff83c7f0000 - 0x00007ff83c845000 	C:\Windows\System32\shlwapi.dll
0x00007ff83a1c0000 - 0x00007ff83a1df000 	C:\Windows\SYSTEM32\profapi.dll
0x00007ff825df0000 - 0x00007ff825e0a000 	D:\Ides\AndroidStudio\jre\bin\net.dll
0x00007ff833970000 - 0x00007ff833a7c000 	C:\Windows\SYSTEM32\WINHTTP.dll
0x00007ff839a40000 - 0x00007ff839aaa000 	C:\Windows\system32\mswsock.dll
0x00007ff825dd0000 - 0x00007ff825de4000 	D:\Ides\AndroidStudio\jre\bin\nio.dll

dbghelp: loaded successfully - version: 4.0.5 - missing functions: none
symbol engine: initialized successfully - sym options: 0x614 - pdb path: .;D:\Ides\AndroidStudio\jre\bin;C:\Windows\SYSTEM32;C:\Windows\WinSxS\amd64_microsoft.windows.common-controls_6595b64144ccf1df_6.0.19041.1110_none_60b5254171f9507e;D:\Ides\AndroidStudio\jre\bin\server

VM Arguments:
java_command: org.jetbrains.kotlin.cli.jvm.K2JVMCompiler @D:\Ufca\Mobile\CC0043---Programa-o-para-Dispositivos-M-veis\node_modules\react-native-gesture-handler\android\build\20230313_16698859566985883055.compiler.options
java_class_path (initial): C:\Users\monte\.gradle\caches\modules-2\files-2.1\org.jetbrains.kotlin\kotlin-compiler-embeddable\1.6.21\97bdd5a752ce73b58ef16c17bc7f0ea2faff7a2e\kotlin-compiler-embeddable-1.6.21.jar;C:\Users\monte\.gradle\caches\modules-2\files-2.1\org.jetbrains.kotlin\kotlin-reflect\1.6.21\5dc3574d9b7bebfcb4ec6b10ada4aaa9e140bd0b\kotlin-reflect-1.6.21.jar;C:\Users\monte\.gradle\caches\modules-2\files-2.1\org.jetbrains.kotlin\kotlin-stdlib\1.6.21\11ef67f1900634fd951bad28c53ec957fabbe5b8\kotlin-stdlib-1.6.21.jar;C:\Users\monte\.gradle\caches\modules-2\files-2.1\org.jetbrains.kotlin\kotlin-script-runtime\1.6.21\99c6675100da5d6d5b1c5a1032f27f28008d101b\kotlin-script-runtime-1.6.21.jar;C:\Users\monte\.gradle\caches\modules-2\files-2.1\org.jetbrains.kotlin\kotlin-daemon-embeddable\1.6.21\46b78cf392e1c4f10854c3cadba44abb7b82250f\kotlin-daemon-embeddable-1.6.21.jar;C:\Users\monte\.gradle\caches\modules-2\files-2.1\org.jetbrains.intellij.deps\trove4j\1.0.20200330\3afb14d5f9ceb459d724e907a21145e8ff394f02\trove4j-1.0.20200330.jar;C:\Users\monte\.gradle\caches\modules-2\files-2.1\net.java.dev.jna\jna\5.6.0\330f2244e9030119ab3030fc3fededc86713d9cc\jna-5.6.0.jar;C:\Users\monte\.gradle\caches\modules-2\files-2.1\org.jetbrains.kotlin\kotlin-stdlib-common\1.6.21\5e5b55c26dbc80372a920aef60eb774b714559b8\kotlin-stdlib-common-1.6.21.jar;C:\Users\monte\.gradle\caches\modules-2\files-2.1\org.jetbrains\annotations\13.0\919f0dfe192fb4e063e7dacadee7f8bb9a2672a9\annotations-13.0.jar
Launcher Type: SUN_STANDARD

[Global flags]
     intx CICompilerCount                          = 3                                         {product} {ergonomic}
     uint ConcGCThreads                            = 1                                         {product} {ergonomic}
     uint G1ConcRefinementThreads                  = 4                                         {product} {ergonomic}
   size_t G1HeapRegionSize                         = 1048576                                   {product} {ergonomic}
    uintx GCDrainStackTargetSize                   = 64                                        {product} {ergonomic}
   size_t InitialHeapSize                          = 134217728                                 {product} {ergonomic}
   size_t MarkStackSize                            = 4194304                                   {product} {ergonomic}
   size_t MaxHeapSize                              = 2132803584                                {product} {ergonomic}
   size_t MaxNewSize                               = 1279262720                                {product} {ergonomic}
   size_t MinHeapDeltaBytes                        = 1048576                                   {product} {ergonomic}
    uintx NonNMethodCodeHeapSize                   = 5830732                                {pd product} {ergonomic}
    uintx NonProfiledCodeHeapSize                  = 122913754                              {pd product} {ergonomic}
    uintx ProfiledCodeHeapSize                     = 122913754                              {pd product} {ergonomic}
    uintx ReservedCodeCacheSize                    = 251658240                              {pd product} {ergonomic}
     bool SegmentedCodeCache                       = true                                      {product} {ergonomic}
     bool UseCompressedClassPointers               = true                                 {lp64_product} {ergonomic}
     bool UseCompressedOops                        = true                                 {lp64_product} {ergonomic}
     bool UseG1GC                                  = true                                      {product} {ergonomic}
     bool UseLargePagesIndividualAllocation        = false                                  {pd product} {ergonomic}

Logging:
Log output configuration:
 #0: stdout all=warning uptime,level,tags
 #1: stderr all=off uptime,level,tags

Environment Variables:
JAVA_HOME=D:\Ides\AndroidStudio\jre
CLASSPATH=D:\Ufca\Mobile\CC0043---Programa-o-para-Dispositivos-M-veis\android\\gradle\wrapper\gradle-wrapper.jar
PATH=D:\Ufca\Mobile\CC0043---Programa-o-para-Dispositivos-M-veis\node_modules\.bin;D:\Ufca\Mobile\CC0043---Programa-o-para-Dispositivos-M-veis\node_modules\.bin;D:\Ufca\Mobile\node_modules\.bin;D:\Ufca\node_modules\.bin;D:\node_modules\.bin;C:\Users\monte\AppData\Roaming\npm\node_modules\npm\node_modules\@npmcli\run-script\lib\node-gyp-bin;C:\Windows\system32;C:\Windows;C:\Windows\System32\Wbem;C:\Windows\System32\WindowsPowerShell\v1.0\;C:\Windows\System32\OpenSSH\;D:\Programas\Git\cmd;C:\ProgramData\ComposerSetup\bin;D:\Programas\Node\;D:\Python\Scripts\;D:\Python\;C:\Users\monte\AppData\Local\Microsoft\WindowsApps;D:\Ides\Microsoft VS Code\bin;D:\PHP\php-8.1.9-nts-Win32-vs16-x64;D:\Ides\Microsoft Visual Studio\2022\Community\MSBuild\Current\Bin;C:\Users\monte\AppData\Roaming\Composer\vendor\bin;D:\PHP\php-7.4.33-nts-Win32-vc15-x64;C:\Users\monte\AppData\Roaming\npm
USERNAME=monte
OS=Windows_NT
PROCESSOR_IDENTIFIER=Intel64 Family 6 Model 158 Stepping 9, GenuineIntel



---------------  S Y S T E M  ---------------

OS: Windows 10 , 64 bit Build 19041 (10.0.19041.2546)
OS uptime: 17 days 6:19 hours

CPU:total 4 (initial active 4) (4 cores per cpu, 1 threads per core) family 6 model 158 stepping 9 microcode 0xb4, cmov, cx8, fxsr, mmx, sse, sse2, sse3, ssse3, sse4.1, sse4.2, popcnt, avx, avx2, aes, clmul, erms, 3dnowpref, lzcnt, tsc, tscinvbit, bmi1, bmi2, adx, fma

Memory: 4k page, system-wide physical 8134M (217M free)
TotalPageFile size 22366M (AvailPageFile size 1M)
current process WorkingSet (physical memory assigned to process): 333M, peak: 335M
current process commit charge ("private bytes"): 364M, peak: 369M

vm_info: OpenJDK 64-Bit Server VM (11.0.13+0-b1751.21-8125866) for windows-amd64 JRE (11.0.13+0-b1751.21-8125866), built on Feb  2 2022 03:00:22 by "builder" with MS VC++ 14.0 (VS2015)

END.
