#
# There is insufficient memory for the Java Runtime Environment to continue.
# Native memory allocation (malloc) failed to allocate 765856 bytes for Chunk::new
# Possible reasons:
#   The system is out of physical RAM or swap space
#   The process is running with CompressedOops enabled, and the Java Heap may be blocking the growth of the native heap
# Possible solutions:
#   Reduce memory load on the system
#   Increase physical memory or swap space
#   Check if swap backing store is full
#   Decrease Java heap size (-Xmx/-Xms)
#   Decrease number of Java threads
#   Decrease Java thread stack sizes (-Xss)
#   Set larger code cache with -XX:ReservedCodeCacheSize=
#   JVM is running with Unscaled Compressed Oops mode in which the Java heap is
#     placed in the first 4GB address space. The Java Heap base address is the
#     maximum limit for the native heap growth. Please use -XX:HeapBaseMinAddress
#     to set the Java Heap base and to place the Java Heap above 4GB virtual address.
# This output file may be truncated or incomplete.
#
#  Out of Memory Error (./src/hotspot/share/memory/arena.cpp:197), pid=11328, tid=2420
#
# JRE version: OpenJDK Runtime Environment (11.0.13) (build 11.0.13+0-b1751.21-8125866)
# Java VM: OpenJDK 64-Bit Server VM (11.0.13+0-b1751.21-8125866, mixed mode, tiered, compressed oops, g1 gc, windows-amd64)
# No core dump will be written. Minidumps are not enabled by default on client versions of Windows
#

---------------  S U M M A R Y ------------

Command Line: org.jetbrains.kotlin.cli.jvm.K2JVMCompiler @D:\Ufca\Mobile\CC0043---Programa-o-para-Dispositivos-M-veis\node_modules\expo-modules-core\android\build\20230313_7166298768685946576.compiler.options

Host: Intel(R) Core(TM) i5-7400 CPU @ 3.00GHz, 4 cores, 7G,  Windows 10 , 64 bit Build 19041 (10.0.19041.2546)
Time: Mon Mar 13 23:21:33 2023 Hora Padrão de Buenos Aires elapsed time: 51.143352 seconds (0d 0h 0m 51s)

---------------  T H R E A D  ---------------

Current thread (0x0000020f7f32d000):  JavaThread "C2 CompilerThread0" daemon [_thread_in_native, id=2420, stack(0x000000336ad00000,0x000000336ae00000)]


Current CompileTask:
C2:  51143 12540       4       org.jetbrains.kotlin.types.TypeSubstitutor::unsafeSubstitute (793 bytes)

Stack: [0x000000336ad00000,0x000000336ae00000]
Native frames: (J=compiled Java code, j=interpreted, Vv=VM code, C=native code)
V  [jvm.dll+0x6100fa]
V  [jvm.dll+0x747090]
V  [jvm.dll+0x7486ad]
V  [jvm.dll+0x748d83]
V  [jvm.dll+0x24ab48]
V  [jvm.dll+0xc04dc]
V  [jvm.dll+0xc0a0c]
V  [jvm.dll+0x2bfab4]
V  [jvm.dll+0x524238]
V  [jvm.dll+0x204a21]
V  [jvm.dll+0x2023c2]
V  [jvm.dll+0x188e01]
V  [jvm.dll+0x21106b]
V  [jvm.dll+0x20f8c1]
V  [jvm.dll+0x70de0f]
V  [jvm.dll+0x706a75]
V  [jvm.dll+0x60ed66]
C  [ucrtbase.dll+0x21bb2]
C  [KERNEL32.DLL+0x17614]
C  [ntdll.dll+0x526a1]


---------------  P R O C E S S  ---------------

Threads class SMR info:
_java_thread_list=0x0000020f08dbf060, length=10, elements={
0x0000020f6b704000, 0x0000020f7f309000, 0x0000020f7f30a000, 0x0000020f7f324800,
0x0000020f7f326800, 0x0000020f7f32c000, 0x0000020f7f32d000, 0x0000020f7f347000,
0x0000020f06036000, 0x0000020f06132800
}

Java Threads: ( => current thread )
  0x0000020f6b704000 JavaThread "main" [_thread_in_Java, id=4476, stack(0x000000336a000000,0x000000336a100000)]
  0x0000020f7f309000 JavaThread "Reference Handler" daemon [_thread_blocked, id=7536, stack(0x000000336a800000,0x000000336a900000)]
  0x0000020f7f30a000 JavaThread "Finalizer" daemon [_thread_blocked, id=11656, stack(0x000000336a900000,0x000000336aa00000)]
  0x0000020f7f324800 JavaThread "Signal Dispatcher" daemon [_thread_blocked, id=14488, stack(0x000000336aa00000,0x000000336ab00000)]
  0x0000020f7f326800 JavaThread "Attach Listener" daemon [_thread_blocked, id=12420, stack(0x000000336ab00000,0x000000336ac00000)]
  0x0000020f7f32c000 JavaThread "Service Thread" daemon [_thread_blocked, id=16336, stack(0x000000336ac00000,0x000000336ad00000)]
=>0x0000020f7f32d000 JavaThread "C2 CompilerThread0" daemon [_thread_in_native, id=2420, stack(0x000000336ad00000,0x000000336ae00000)]
  0x0000020f7f347000 JavaThread "C1 CompilerThread0" daemon [_thread_in_native, id=4380, stack(0x000000336ae00000,0x000000336af00000)]
  0x0000020f06036000 JavaThread "Sweeper thread" daemon [_thread_blocked, id=11504, stack(0x000000336af00000,0x000000336b000000)]
  0x0000020f06132800 JavaThread "Common-Cleaner" daemon [_thread_blocked, id=15400, stack(0x000000336b100000,0x000000336b200000)]

Other Threads:
  0x0000020f7f304000 VMThread "VM Thread" [stack: 0x000000336a700000,0x000000336a800000] [id=3232]
  0x0000020f0612a800 WatcherThread [stack: 0x000000336b000000,0x000000336b100000] [id=13400]
  0x0000020f6b718000 GCTaskThread "GC Thread#0" [stack: 0x000000336a200000,0x000000336a300000] [id=8568]
  0x0000020f065af800 GCTaskThread "GC Thread#1" [stack: 0x000000336b200000,0x000000336b300000] [id=8064]
  0x0000020f06697800 GCTaskThread "GC Thread#2" [stack: 0x000000336b300000,0x000000336b400000] [id=8328]
  0x0000020f6b747000 ConcurrentGCThread "G1 Main Marker" [stack: 0x000000336a300000,0x000000336a400000] [id=15564]
  0x0000020f6b74a000 ConcurrentGCThread "G1 Conc#0" [stack: 0x000000336a400000,0x000000336a500000] [id=5992]
  0x0000020f6b7d8000 ConcurrentGCThread "G1 Refine#0" [stack: 0x000000336a500000,0x000000336a600000] [id=2428]
  0x0000020f0a90d800 ConcurrentGCThread "G1 Refine#1" [stack: 0x000000336b400000,0x000000336b500000] [id=16448]
  0x0000020f6b7db800 ConcurrentGCThread "G1 Young RemSet Sampling" [stack: 0x000000336a600000,0x000000336a700000] [id=16456]

Threads with active compile tasks:
C2 CompilerThread0  51207 12540       4       org.jetbrains.kotlin.types.TypeSubstitutor::unsafeSubstitute (793 bytes)
C1 CompilerThread0  51207 12556       3       org.jetbrains.kotlin.resolve.constants.evaluate.ConstantExpressionEvaluatorVisitor::getCompileTimeType (207 bytes)

VM state:not at safepoint (normal execution)

VM Mutex/Monitor currently owned by a thread: None

Heap address: 0x0000000080e00000, size: 2034 MB, Compressed Oops mode: 32-bit
Narrow klass base: 0x0000000000000000, Narrow klass shift: 3
Compressed class space size: 1073741824 Address: 0x0000000100000000

Heap:
 garbage-first heap   total 131072K, used 102214K [0x0000000080e00000, 0x0000000100000000)
  region size 1024K, 28 young (28672K), 5 survivors (5120K)
 Metaspace       used 71307K, capacity 72245K, committed 72320K, reserved 1114112K
  class space    used 7702K, capacity 8051K, committed 8064K, reserved 1048576K
Heap Regions: E=young(eden), S=young(survivor), O=old, HS=humongous(starts), HC=humongous(continues), CS=collection set, F=free, A=archive, TAMS=top-at-mark-start (previous, next)
|   0|0x0000000080e00000, 0x0000000080f00000, 0x0000000080f00000|100%|HS|  |TAMS 0x0000000080f00000, 0x0000000080e00000| Complete 
|   1|0x0000000080f00000, 0x0000000081000000, 0x0000000081000000|100%|HC|  |TAMS 0x0000000081000000, 0x0000000080f00000| Complete 
|   2|0x0000000081000000, 0x0000000081100000, 0x0000000081100000|100%|HC|  |TAMS 0x0000000081100000, 0x0000000081000000| Complete 
|   3|0x0000000081100000, 0x0000000081200000, 0x0000000081200000|100%|HC|  |TAMS 0x0000000081200000, 0x0000000081100000| Complete 
|   4|0x0000000081200000, 0x0000000081300000, 0x0000000081300000|100%| O|  |TAMS 0x0000000081300000, 0x0000000081200000| Untracked 
|   5|0x0000000081300000, 0x0000000081400000, 0x0000000081400000|100%| O|  |TAMS 0x0000000081400000, 0x0000000081300000| Untracked 
|   6|0x0000000081400000, 0x0000000081500000, 0x0000000081500000|100%|HS|  |TAMS 0x0000000081500000, 0x0000000081400000| Complete 
|   7|0x0000000081500000, 0x0000000081600000, 0x0000000081600000|100%|HC|  |TAMS 0x0000000081600000, 0x0000000081500000| Complete 
|   8|0x0000000081600000, 0x0000000081700000, 0x0000000081700000|100%|HC|  |TAMS 0x0000000081700000, 0x0000000081600000| Complete 
|   9|0x0000000081700000, 0x0000000081800000, 0x0000000081800000|100%|HC|  |TAMS 0x0000000081800000, 0x0000000081700000| Complete 
|  10|0x0000000081800000, 0x0000000081900000, 0x0000000081900000|100%|HS|  |TAMS 0x0000000081900000, 0x0000000081800000| Complete 
|  11|0x0000000081900000, 0x0000000081a00000, 0x0000000081a00000|100%|HC|  |TAMS 0x0000000081a00000, 0x0000000081900000| Complete 
|  12|0x0000000081a00000, 0x0000000081b00000, 0x0000000081b00000|100%| O|  |TAMS 0x0000000081b00000, 0x0000000081a00000| Untracked 
|  13|0x0000000081b00000, 0x0000000081c00000, 0x0000000081c00000|100%| O|  |TAMS 0x0000000081c00000, 0x0000000081b00000| Untracked 
|  14|0x0000000081c00000, 0x0000000081d00000, 0x0000000081d00000|100%| O|  |TAMS 0x0000000081d00000, 0x0000000081c00000| Untracked 
|  15|0x0000000081d00000, 0x0000000081e00000, 0x0000000081e00000|100%| O|  |TAMS 0x0000000081e00000, 0x0000000081d00000| Untracked 
|  16|0x0000000081e00000, 0x0000000081f00000, 0x0000000081f00000|100%| O|  |TAMS 0x0000000081f00000, 0x0000000081e00000| Untracked 
|  17|0x0000000081f00000, 0x0000000082000000, 0x0000000082000000|100%| O|  |TAMS 0x0000000082000000, 0x0000000081f00000| Untracked 
|  18|0x0000000082000000, 0x0000000082100000, 0x0000000082100000|100%| O|  |TAMS 0x0000000082100000, 0x0000000082000000| Untracked 
|  19|0x0000000082100000, 0x0000000082200000, 0x0000000082200000|100%| O|  |TAMS 0x0000000082200000, 0x0000000082100000| Untracked 
|  20|0x0000000082200000, 0x0000000082300000, 0x0000000082300000|100%| O|  |TAMS 0x0000000082300000, 0x0000000082200000| Untracked 
|  21|0x0000000082300000, 0x0000000082400000, 0x0000000082400000|100%| O|  |TAMS 0x0000000082400000, 0x0000000082300000| Untracked 
|  22|0x0000000082400000, 0x0000000082500000, 0x0000000082500000|100%| O|  |TAMS 0x0000000082500000, 0x0000000082400000| Untracked 
|  23|0x0000000082500000, 0x0000000082600000, 0x0000000082600000|100%| O|  |TAMS 0x0000000082600000, 0x0000000082500000| Untracked 
|  24|0x0000000082600000, 0x0000000082700000, 0x0000000082700000|100%| O|  |TAMS 0x0000000082700000, 0x0000000082600000| Untracked 
|  25|0x0000000082700000, 0x0000000082800000, 0x0000000082800000|100%| O|  |TAMS 0x0000000082800000, 0x0000000082700000| Untracked 
|  26|0x0000000082800000, 0x0000000082900000, 0x0000000082900000|100%| O|  |TAMS 0x0000000082900000, 0x0000000082800000| Untracked 
|  27|0x0000000082900000, 0x0000000082a00000, 0x0000000082a00000|100%| O|  |TAMS 0x0000000082a00000, 0x0000000082900000| Untracked 
|  28|0x0000000082a00000, 0x0000000082b00000, 0x0000000082b00000|100%| O|  |TAMS 0x0000000082b00000, 0x0000000082a00000| Untracked 
|  29|0x0000000082b00000, 0x0000000082c00000, 0x0000000082c00000|100%| O|  |TAMS 0x0000000082c00000, 0x0000000082b00000| Untracked 
|  30|0x0000000082c00000, 0x0000000082d00000, 0x0000000082d00000|100%| O|  |TAMS 0x0000000082d00000, 0x0000000082c00000| Untracked 
|  31|0x0000000082d00000, 0x0000000082e00000, 0x0000000082e00000|100%| O|  |TAMS 0x0000000082e00000, 0x0000000082d00000| Untracked 
|  32|0x0000000082e00000, 0x0000000082f00000, 0x0000000082f00000|100%| O|  |TAMS 0x0000000082f00000, 0x0000000082e00000| Untracked 
|  33|0x0000000082f00000, 0x0000000083000000, 0x0000000083000000|100%| O|  |TAMS 0x0000000083000000, 0x0000000082f00000| Untracked 
|  34|0x0000000083000000, 0x0000000083100000, 0x0000000083100000|100%| O|  |TAMS 0x0000000083100000, 0x0000000083000000| Untracked 
|  35|0x0000000083100000, 0x0000000083200000, 0x0000000083200000|100%| O|  |TAMS 0x0000000083200000, 0x0000000083100000| Untracked 
|  36|0x0000000083200000, 0x0000000083300000, 0x0000000083300000|100%| O|  |TAMS 0x0000000083300000, 0x0000000083200000| Untracked 
|  37|0x0000000083300000, 0x0000000083400000, 0x0000000083400000|100%| O|  |TAMS 0x0000000083400000, 0x0000000083300000| Untracked 
|  38|0x0000000083400000, 0x0000000083500000, 0x0000000083500000|100%| O|  |TAMS 0x0000000083500000, 0x0000000083400000| Untracked 
|  39|0x0000000083500000, 0x0000000083600000, 0x0000000083600000|100%| O|  |TAMS 0x0000000083600000, 0x0000000083500000| Untracked 
|  40|0x0000000083600000, 0x0000000083700000, 0x0000000083700000|100%| O|  |TAMS 0x0000000083700000, 0x0000000083600000| Untracked 
|  41|0x0000000083700000, 0x0000000083800000, 0x0000000083800000|100%|HS|  |TAMS 0x0000000083800000, 0x0000000083700000| Complete 
|  42|0x0000000083800000, 0x0000000083900000, 0x0000000083900000|100%|HC|  |TAMS 0x0000000083900000, 0x0000000083800000| Complete 
|  43|0x0000000083900000, 0x0000000083a00000, 0x0000000083a00000|100%| O|  |TAMS 0x0000000083a00000, 0x0000000083900000| Untracked 
|  44|0x0000000083a00000, 0x0000000083b00000, 0x0000000083b00000|100%| O|  |TAMS 0x0000000083b00000, 0x0000000083a00000| Untracked 
|  45|0x0000000083b00000, 0x0000000083c00000, 0x0000000083c00000|100%| O|  |TAMS 0x0000000083c00000, 0x0000000083b00000| Untracked 
|  46|0x0000000083c00000, 0x0000000083d00000, 0x0000000083d00000|100%| O|  |TAMS 0x0000000083d00000, 0x0000000083c00000| Untracked 
|  47|0x0000000083d00000, 0x0000000083e00000, 0x0000000083e00000|100%| O|  |TAMS 0x0000000083e00000, 0x0000000083d00000| Untracked 
|  48|0x0000000083e00000, 0x0000000083f00000, 0x0000000083f00000|100%| O|  |TAMS 0x0000000083f00000, 0x0000000083e00000| Untracked 
|  49|0x0000000083f00000, 0x0000000084000000, 0x0000000084000000|100%| O|  |TAMS 0x0000000084000000, 0x0000000083f00000| Untracked 
|  50|0x0000000084000000, 0x0000000084100000, 0x0000000084100000|100%| O|  |TAMS 0x0000000084100000, 0x0000000084000000| Untracked 
|  51|0x0000000084100000, 0x0000000084200000, 0x0000000084200000|100%| O|  |TAMS 0x0000000084200000, 0x0000000084100000| Untracked 
|  52|0x0000000084200000, 0x0000000084300000, 0x0000000084300000|100%| O|  |TAMS 0x0000000084300000, 0x0000000084200000| Untracked 
|  53|0x0000000084300000, 0x0000000084400000, 0x0000000084400000|100%| O|  |TAMS 0x0000000084400000, 0x0000000084300000| Untracked 
|  54|0x0000000084400000, 0x0000000084500000, 0x0000000084500000|100%| O|  |TAMS 0x0000000084500000, 0x0000000084400000| Untracked 
|  55|0x0000000084500000, 0x0000000084600000, 0x0000000084600000|100%| O|  |TAMS 0x0000000084600000, 0x0000000084500000| Untracked 
|  56|0x0000000084600000, 0x0000000084700000, 0x0000000084700000|100%| O|  |TAMS 0x0000000084700000, 0x0000000084600000| Untracked 
|  57|0x0000000084700000, 0x0000000084800000, 0x0000000084800000|100%| O|  |TAMS 0x0000000084800000, 0x0000000084700000| Untracked 
|  58|0x0000000084800000, 0x0000000084900000, 0x0000000084900000|100%| O|  |TAMS 0x0000000084900000, 0x0000000084800000| Untracked 
|  59|0x0000000084900000, 0x0000000084a00000, 0x0000000084a00000|100%| O|  |TAMS 0x0000000084a00000, 0x0000000084900000| Untracked 
|  60|0x0000000084a00000, 0x0000000084b00000, 0x0000000084b00000|100%| O|  |TAMS 0x0000000084b00000, 0x0000000084a00000| Untracked 
|  61|0x0000000084b00000, 0x0000000084c00000, 0x0000000084c00000|100%| O|  |TAMS 0x0000000084c00000, 0x0000000084b00000| Untracked 
|  62|0x0000000084c00000, 0x0000000084d00000, 0x0000000084d00000|100%| O|  |TAMS 0x0000000084d00000, 0x0000000084c00000| Untracked 
|  63|0x0000000084d00000, 0x0000000084e00000, 0x0000000084e00000|100%| O|  |TAMS 0x0000000084e00000, 0x0000000084d00000| Untracked 
|  64|0x0000000084e00000, 0x0000000084f00000, 0x0000000084f00000|100%| O|  |TAMS 0x0000000084f00000, 0x0000000084e00000| Untracked 
|  65|0x0000000084f00000, 0x0000000085000000, 0x0000000085000000|100%| O|  |TAMS 0x0000000085000000, 0x0000000084f00000| Untracked 
|  66|0x0000000085000000, 0x0000000085100000, 0x0000000085100000|100%| O|  |TAMS 0x0000000085100000, 0x0000000085000000| Untracked 
|  67|0x0000000085100000, 0x0000000085200000, 0x0000000085200000|100%| O|  |TAMS 0x0000000085200000, 0x0000000085100000| Untracked 
|  68|0x0000000085200000, 0x0000000085300000, 0x0000000085300000|100%| O|  |TAMS 0x0000000085300000, 0x0000000085200000| Untracked 
|  69|0x0000000085300000, 0x0000000085400000, 0x0000000085400000|100%| O|  |TAMS 0x0000000085400000, 0x0000000085300000| Untracked 
|  70|0x0000000085400000, 0x0000000085400000, 0x0000000085500000|  0%| F|  |TAMS 0x0000000085400000, 0x0000000085400000| Untracked 
|  71|0x0000000085500000, 0x0000000085600000, 0x0000000085600000|100%| O|  |TAMS 0x0000000085500000, 0x0000000085500000| Untracked 
|  72|0x0000000085600000, 0x0000000085700000, 0x0000000085700000|100%| O|  |TAMS 0x0000000085600000, 0x0000000085600000| Untracked 
|  73|0x0000000085700000, 0x00000000857d1a00, 0x0000000085800000| 81%| O|  |TAMS 0x0000000085700000, 0x0000000085700000| Untracked 
|  74|0x0000000085800000, 0x0000000085800000, 0x0000000085900000|  0%| F|  |TAMS 0x0000000085800000, 0x0000000085800000| Untracked 
|  75|0x0000000085900000, 0x0000000085900000, 0x0000000085a00000|  0%| F|  |TAMS 0x0000000085900000, 0x0000000085900000| Untracked 
|  76|0x0000000085a00000, 0x0000000085a00000, 0x0000000085b00000|  0%| F|  |TAMS 0x0000000085a00000, 0x0000000085a00000| Untracked 
|  77|0x0000000085b00000, 0x0000000085b00000, 0x0000000085c00000|  0%| F|  |TAMS 0x0000000085b00000, 0x0000000085b00000| Untracked 
|  78|0x0000000085c00000, 0x0000000085c00000, 0x0000000085d00000|  0%| F|  |TAMS 0x0000000085c00000, 0x0000000085c00000| Untracked 
|  79|0x0000000085d00000, 0x0000000085d00000, 0x0000000085e00000|  0%| F|  |TAMS 0x0000000085d00000, 0x0000000085d00000| Untracked 
|  80|0x0000000085e00000, 0x0000000085e00000, 0x0000000085f00000|  0%| F|  |TAMS 0x0000000085e00000, 0x0000000085e00000| Untracked 
|  81|0x0000000085f00000, 0x0000000085f00000, 0x0000000086000000|  0%| F|  |TAMS 0x0000000085f00000, 0x0000000085f00000| Untracked 
|  82|0x0000000086000000, 0x0000000086000000, 0x0000000086100000|  0%| F|  |TAMS 0x0000000086000000, 0x0000000086000000| Untracked 
|  83|0x0000000086100000, 0x0000000086100000, 0x0000000086200000|  0%| F|  |TAMS 0x0000000086100000, 0x0000000086100000| Untracked 
|  84|0x0000000086200000, 0x0000000086200000, 0x0000000086300000|  0%| F|  |TAMS 0x0000000086200000, 0x0000000086200000| Untracked 
|  85|0x0000000086300000, 0x0000000086300000, 0x0000000086400000|  0%| F|  |TAMS 0x0000000086300000, 0x0000000086300000| Untracked 
|  86|0x0000000086400000, 0x0000000086400000, 0x0000000086500000|  0%| F|  |TAMS 0x0000000086400000, 0x0000000086400000| Untracked 
|  87|0x0000000086500000, 0x0000000086500000, 0x0000000086600000|  0%| F|  |TAMS 0x0000000086500000, 0x0000000086500000| Untracked 
|  88|0x0000000086600000, 0x0000000086600000, 0x0000000086700000|  0%| F|  |TAMS 0x0000000086600000, 0x0000000086600000| Untracked 
|  89|0x0000000086700000, 0x0000000086700000, 0x0000000086800000|  0%| F|  |TAMS 0x0000000086700000, 0x0000000086700000| Untracked 
|  90|0x0000000086800000, 0x0000000086900000, 0x0000000086900000|100%| S|CS|TAMS 0x0000000086800000, 0x0000000086800000| Complete 
|  91|0x0000000086900000, 0x0000000086a00000, 0x0000000086a00000|100%| S|CS|TAMS 0x0000000086900000, 0x0000000086900000| Complete 
|  92|0x0000000086a00000, 0x0000000086b00000, 0x0000000086b00000|100%| S|CS|TAMS 0x0000000086a00000, 0x0000000086a00000| Complete 
|  93|0x0000000086b00000, 0x0000000086c00000, 0x0000000086c00000|100%| S|CS|TAMS 0x0000000086b00000, 0x0000000086b00000| Complete 
|  94|0x0000000086c00000, 0x0000000086d00000, 0x0000000086d00000|100%| S|CS|TAMS 0x0000000086c00000, 0x0000000086c00000| Complete 
|  95|0x0000000086d00000, 0x0000000086d00000, 0x0000000086e00000|  0%| F|  |TAMS 0x0000000086d00000, 0x0000000086d00000| Untracked 
|  96|0x0000000086e00000, 0x0000000086e00000, 0x0000000086f00000|  0%| F|  |TAMS 0x0000000086e00000, 0x0000000086e00000| Untracked 
|  97|0x0000000086f00000, 0x0000000086f00000, 0x0000000087000000|  0%| F|  |TAMS 0x0000000086f00000, 0x0000000086f00000| Untracked 
|  98|0x0000000087000000, 0x0000000087000000, 0x0000000087100000|  0%| F|  |TAMS 0x0000000087000000, 0x0000000087000000| Untracked 
|  99|0x0000000087100000, 0x0000000087100000, 0x0000000087200000|  0%| F|  |TAMS 0x0000000087100000, 0x0000000087100000| Untracked 
| 100|0x0000000087200000, 0x0000000087200000, 0x0000000087300000|  0%| F|  |TAMS 0x0000000087200000, 0x0000000087200000| Untracked 
| 101|0x0000000087300000, 0x0000000087300000, 0x0000000087400000|  0%| F|  |TAMS 0x0000000087300000, 0x0000000087300000| Untracked 
| 102|0x0000000087400000, 0x0000000087400000, 0x0000000087500000|  0%| F|  |TAMS 0x0000000087400000, 0x0000000087400000| Untracked 
| 103|0x0000000087500000, 0x0000000087500000, 0x0000000087600000|  0%| F|  |TAMS 0x0000000087500000, 0x0000000087500000| Untracked 
| 104|0x0000000087600000, 0x0000000087600000, 0x0000000087700000|  0%| F|  |TAMS 0x0000000087600000, 0x0000000087600000| Untracked 
| 105|0x0000000087700000, 0x0000000087780800, 0x0000000087800000| 50%| E|  |TAMS 0x0000000087700000, 0x0000000087700000| Complete 
| 106|0x0000000087800000, 0x0000000087900000, 0x0000000087900000|100%| E|CS|TAMS 0x0000000087800000, 0x0000000087800000| Complete 
| 107|0x0000000087900000, 0x0000000087a00000, 0x0000000087a00000|100%| E|CS|TAMS 0x0000000087900000, 0x0000000087900000| Complete 
| 108|0x0000000087a00000, 0x0000000087b00000, 0x0000000087b00000|100%| E|CS|TAMS 0x0000000087a00000, 0x0000000087a00000| Complete 
| 109|0x0000000087b00000, 0x0000000087c00000, 0x0000000087c00000|100%| E|CS|TAMS 0x0000000087b00000, 0x0000000087b00000| Complete 
| 110|0x0000000087c00000, 0x0000000087d00000, 0x0000000087d00000|100%| E|CS|TAMS 0x0000000087c00000, 0x0000000087c00000| Complete 
| 111|0x0000000087d00000, 0x0000000087e00000, 0x0000000087e00000|100%| E|CS|TAMS 0x0000000087d00000, 0x0000000087d00000| Complete 
| 112|0x0000000087e00000, 0x0000000087f00000, 0x0000000087f00000|100%| E|CS|TAMS 0x0000000087e00000, 0x0000000087e00000| Complete 
| 113|0x0000000087f00000, 0x0000000088000000, 0x0000000088000000|100%| E|CS|TAMS 0x0000000087f00000, 0x0000000087f00000| Complete 
| 114|0x0000000088000000, 0x0000000088100000, 0x0000000088100000|100%| E|CS|TAMS 0x0000000088000000, 0x0000000088000000| Complete 
| 115|0x0000000088100000, 0x0000000088200000, 0x0000000088200000|100%| E|CS|TAMS 0x0000000088100000, 0x0000000088100000| Complete 
| 116|0x0000000088200000, 0x0000000088300000, 0x0000000088300000|100%| E|CS|TAMS 0x0000000088200000, 0x0000000088200000| Complete 
| 117|0x0000000088300000, 0x0000000088400000, 0x0000000088400000|100%| E|CS|TAMS 0x0000000088300000, 0x0000000088300000| Complete 
| 118|0x0000000088400000, 0x0000000088500000, 0x0000000088500000|100%| E|CS|TAMS 0x0000000088400000, 0x0000000088400000| Complete 
| 119|0x0000000088500000, 0x0000000088600000, 0x0000000088600000|100%| E|CS|TAMS 0x0000000088500000, 0x0000000088500000| Complete 
| 120|0x0000000088600000, 0x0000000088700000, 0x0000000088700000|100%| E|CS|TAMS 0x0000000088600000, 0x0000000088600000| Complete 
| 121|0x0000000088700000, 0x0000000088800000, 0x0000000088800000|100%| E|CS|TAMS 0x0000000088700000, 0x0000000088700000| Complete 
| 122|0x0000000088800000, 0x0000000088900000, 0x0000000088900000|100%| E|CS|TAMS 0x0000000088800000, 0x0000000088800000| Complete 
| 123|0x0000000088900000, 0x0000000088a00000, 0x0000000088a00000|100%| E|CS|TAMS 0x0000000088900000, 0x0000000088900000| Complete 
| 124|0x0000000088a00000, 0x0000000088b00000, 0x0000000088b00000|100%| E|CS|TAMS 0x0000000088a00000, 0x0000000088a00000| Complete 
| 125|0x0000000088b00000, 0x0000000088c00000, 0x0000000088c00000|100%| E|CS|TAMS 0x0000000088b00000, 0x0000000088b00000| Complete 
| 126|0x0000000088c00000, 0x0000000088d00000, 0x0000000088d00000|100%| E|CS|TAMS 0x0000000088c00000, 0x0000000088c00000| Complete 
| 127|0x0000000088d00000, 0x0000000088e00000, 0x0000000088e00000|100%| E|CS|TAMS 0x0000000088d00000, 0x0000000088d00000| Complete 

Card table byte_map: [0x0000020f7e620000,0x0000020f7ea20000] _byte_map_base: 0x0000020f7e219000

Marking Bits (Prev, Next): (CMBitMap*) 0x0000020f6b73e058, (CMBitMap*) 0x0000020f6b73e090
 Prev Bits: [0x0000020f00000000, 0x0000020f01fc8000)
 Next Bits: [0x0000020f01fd0000, 0x0000020f03f98000)

Polling page: 0x0000020f696e0000

Metaspace:

Usage:
  Non-class:     62.69 MB capacity,    62.11 MB (>99%) used,   460.55 KB ( <1%) free+waste,   129.25 KB ( <1%) overhead. 
      Class:      7.86 MB capacity,     7.52 MB ( 96%) used,   293.95 KB (  4%) free+waste,    54.19 KB ( <1%) overhead. 
       Both:     70.55 MB capacity,    69.64 MB ( 99%) used,   754.51 KB (  1%) free+waste,   183.44 KB ( <1%) overhead. 

Virtual space:
  Non-class space:       64.00 MB reserved,      62.75 MB ( 98%) committed 
      Class space:        1.00 GB reserved,       7.88 MB ( <1%) committed 
             Both:        1.06 GB reserved,      70.63 MB (  6%) committed 

Chunk freelists:
   Non-Class:  62.00 KB
       Class:  13.00 KB
        Both:  75.00 KB

MaxMetaspaceSize: 17179869184.00 GB
CompressedClassSpaceSize: 1.00 GB
Initial GC threshold: 20.80 MB
Current GC threshold: 116.46 MB
CDS: off

CodeHeap 'non-profiled nmethods': size=120064Kb used=7977Kb max_used=7977Kb free=112086Kb
 bounds [0x0000020f76ce0000, 0x0000020f774b0000, 0x0000020f7e220000]
CodeHeap 'profiled nmethods': size=120000Kb used=40714Kb max_used=40714Kb free=79285Kb
 bounds [0x0000020f6f7b0000, 0x0000020f71f80000, 0x0000020f76ce0000]
CodeHeap 'non-nmethods': size=5696Kb used=1314Kb max_used=1357Kb free=4381Kb
 bounds [0x0000020f6f220000, 0x0000020f6f490000, 0x0000020f6f7b0000]
 total_blobs=13097 nmethods=12499 adapters=507
 compilation: enabled
              stopped_count=0, restarted_count=0
 full_count=0

Compilation events (20 events):
Event: 51.012 Thread 0x0000020f7f32d000 nmethod 12533 0x0000020f774a5390 code [0x0000020f774a55e0, 0x0000020f774a5fa8]
Event: 51.012 Thread 0x0000020f7f32d000 12537       4       org.jetbrains.kotlin.types.checker.SimpleClassicTypeSystemContext::isIntersection (6 bytes)
Event: 51.012 Thread 0x0000020f7f347000 12538       3       org.jetbrains.kotlin.resolve.calls.components.CompletionModeCalculator$CalculatorForNestedCall::hasRequiredKind (79 bytes)
Event: 51.012 Thread 0x0000020f7f32d000 nmethod 12537 0x0000020f774a6b10 code [0x0000020f774a6ca0, 0x0000020f774a6d78]
Event: 51.013 Thread 0x0000020f7f347000 nmethod 12538 0x0000020f71f66b90 code [0x0000020f71f66da0, 0x0000020f71f67388]
Event: 51.014 Thread 0x0000020f7f32d000 12539       4       org.jetbrains.kotlin.resolve.calls.components.candidate.ResolutionCandidate::processParts (188 bytes)
Event: 51.018 Thread 0x0000020f7f347000 12542       3       org.jetbrains.kotlin.resolve.calls.tower.SubKotlinCallArgumentImpl::getArgumentName (24 bytes)
Event: 51.019 Thread 0x0000020f7f347000 nmethod 12542 0x0000020f71f67610 code [0x0000020f71f67880, 0x0000020f71f681e8]
Event: 51.020 Thread 0x0000020f7f347000 12543       3       org.jetbrains.kotlin.com.google.common.collect.RegularImmutableSet::contains (56 bytes)
Event: 51.020 Thread 0x0000020f7f347000 nmethod 12543 0x0000020f71f68490 code [0x0000020f71f686a0, 0x0000020f71f68cd8]
Event: 51.043 Thread 0x0000020f7f347000 12544       3       org.jetbrains.kotlin.resolve.calls.components.SamTypeConversions::hasNonAnalyzedLambdaAsReturnType (114 bytes)
Event: 51.044 Thread 0x0000020f7f347000 nmethod 12544 0x0000020f71f68f10 code [0x0000020f71f691a0, 0x0000020f71f69ed8]
Event: 51.050 Thread 0x0000020f7f347000 12545       3       org.jetbrains.kotlin.resolve.constants.IntegerValueConstant::<init> (6 bytes)
Event: 51.050 Thread 0x0000020f7f347000 nmethod 12545 0x0000020f71f6a210 code [0x0000020f71f6a3c0, 0x0000020f71f6a5d8]
Event: 51.051 Thread 0x0000020f7f347000 12547       3       org.jetbrains.kotlin.synthetic.SamAdapterFunctionsScope::getSamFunctions (218 bytes)
Event: 51.052 Thread 0x0000020f7f347000 nmethod 12547 0x0000020f71f6a710 code [0x0000020f71f6aa40, 0x0000020f71f6c288]
Event: 51.052 Thread 0x0000020f7f347000 12546       3       org.jetbrains.kotlin.synthetic.SamAdapterFunctionsScope::getSyntheticStaticFunctions (23 bytes)
Event: 51.052 Thread 0x0000020f7f347000 nmethod 12546 0x0000020f71f6c990 code [0x0000020f71f6cc40, 0x0000020f71f6d7a8]
Event: 51.064 Thread 0x0000020f7f32d000 nmethod 12539 0x0000020f774a6e90 code [0x0000020f774a7240, 0x0000020f774a8d18]
Event: 51.064 Thread 0x0000020f7f32d000 12540       4       org.jetbrains.kotlin.types.TypeSubstitutor::unsafeSubstitute (793 bytes)

GC Heap History (20 events):
Event: 13.166 GC heap before
{Heap before GC invocations=4 (full 0):
 garbage-first heap   total 131072K, used 33390K [0x0000000080e00000, 0x0000000100000000)
  region size 1024K, 18 young (18432K), 8 survivors (8192K)
 Metaspace       used 35354K, capacity 35724K, committed 35840K, reserved 1081344K
  class space    used 4271K, capacity 4434K, committed 4480K, reserved 1048576K
}
Event: 13.180 GC heap after
{Heap after GC invocations=5 (full 0):
 garbage-first heap   total 131072K, used 25693K [0x0000000080e00000, 0x0000000100000000)
  region size 1024K, 2 young (2048K), 2 survivors (2048K)
 Metaspace       used 35354K, capacity 35724K, committed 35840K, reserved 1081344K
  class space    used 4271K, capacity 4434K, committed 4480K, reserved 1048576K
}
Event: 23.135 GC heap before
{Heap before GC invocations=6 (full 0):
 garbage-first heap   total 131072K, used 96349K [0x0000000080e00000, 0x0000000100000000)
  region size 1024K, 71 young (72704K), 2 survivors (2048K)
 Metaspace       used 48690K, capacity 49204K, committed 49408K, reserved 1093632K
  class space    used 5616K, capacity 5848K, committed 5888K, reserved 1048576K
}
Event: 23.148 GC heap after
{Heap after GC invocations=7 (full 0):
 garbage-first heap   total 131072K, used 33172K [0x0000000080e00000, 0x0000000100000000)
  region size 1024K, 9 young (9216K), 9 survivors (9216K)
 Metaspace       used 48690K, capacity 49204K, committed 49408K, reserved 1093632K
  class space    used 5616K, capacity 5848K, committed 5888K, reserved 1048576K
}
Event: 26.255 GC heap before
{Heap before GC invocations=7 (full 0):
 garbage-first heap   total 131072K, used 98708K [0x0000000080e00000, 0x0000000100000000)
  region size 1024K, 70 young (71680K), 9 survivors (9216K)
 Metaspace       used 55497K, capacity 56172K, committed 56448K, reserved 1099776K
  class space    used 6428K, capacity 6708K, committed 6784K, reserved 1048576K
}
Event: 26.269 GC heap after
{Heap after GC invocations=8 (full 0):
 garbage-first heap   total 131072K, used 42079K [0x0000000080e00000, 0x0000000100000000)
  region size 1024K, 7 young (7168K), 7 survivors (7168K)
 Metaspace       used 55497K, capacity 56172K, committed 56448K, reserved 1099776K
  class space    used 6428K, capacity 6708K, committed 6784K, reserved 1048576K
}
Event: 29.089 GC heap before
{Heap before GC invocations=8 (full 0):
 garbage-first heap   total 131072K, used 71775K [0x0000000080e00000, 0x0000000100000000)
  region size 1024K, 37 young (37888K), 7 survivors (7168K)
 Metaspace       used 59366K, capacity 60044K, committed 60160K, reserved 1101824K
  class space    used 6809K, capacity 7091K, committed 7168K, reserved 1048576K
}
Event: 29.102 GC heap after
{Heap after GC invocations=9 (full 0):
 garbage-first heap   total 131072K, used 48122K [0x0000000080e00000, 0x0000000100000000)
  region size 1024K, 6 young (6144K), 6 survivors (6144K)
 Metaspace       used 59366K, capacity 60044K, committed 60160K, reserved 1101824K
  class space    used 6809K, capacity 7091K, committed 7168K, reserved 1048576K
}
Event: 34.439 GC heap before
{Heap before GC invocations=10 (full 0):
 garbage-first heap   total 131072K, used 102394K [0x0000000080e00000, 0x0000000100000000)
  region size 1024K, 57 young (58368K), 6 survivors (6144K)
 Metaspace       used 64184K, capacity 64988K, committed 65280K, reserved 1107968K
  class space    used 7244K, capacity 7572K, committed 7680K, reserved 1048576K
}
Event: 34.463 GC heap after
{Heap after GC invocations=11 (full 0):
 garbage-first heap   total 131072K, used 59792K [0x0000000080e00000, 0x0000000100000000)
  region size 1024K, 8 young (8192K), 8 survivors (8192K)
 Metaspace       used 64184K, capacity 64988K, committed 65280K, reserved 1107968K
  class space    used 7244K, capacity 7572K, committed 7680K, reserved 1048576K
}
Event: 37.960 GC heap before
{Heap before GC invocations=12 (full 0):
 garbage-first heap   total 131072K, used 100752K [0x0000000080e00000, 0x0000000100000000)
  region size 1024K, 48 young (49152K), 8 survivors (8192K)
 Metaspace       used 65291K, capacity 66140K, committed 66304K, reserved 1107968K
  class space    used 7257K, capacity 7609K, committed 7680K, reserved 1048576K
}
Event: 37.981 GC heap after
{Heap after GC invocations=13 (full 0):
 garbage-first heap   total 131072K, used 67584K [0x0000000080e00000, 0x0000000100000000)
  region size 1024K, 6 young (6144K), 6 survivors (6144K)
 Metaspace       used 65291K, capacity 66140K, committed 66304K, reserved 1107968K
  class space    used 7257K, capacity 7609K, committed 7680K, reserved 1048576K
}
Event: 40.773 GC heap before
{Heap before GC invocations=13 (full 0):
 garbage-first heap   total 131072K, used 102400K [0x0000000080e00000, 0x0000000100000000)
  region size 1024K, 40 young (40960K), 6 survivors (6144K)
 Metaspace       used 68139K, capacity 69035K, committed 69120K, reserved 1110016K
  class space    used 7526K, capacity 7889K, committed 7936K, reserved 1048576K
}
Event: 40.786 GC heap after
{Heap after GC invocations=14 (full 0):
 garbage-first heap   total 131072K, used 71522K [0x0000000080e00000, 0x0000000100000000)
  region size 1024K, 3 young (3072K), 3 survivors (3072K)
 Metaspace       used 68139K, capacity 69035K, committed 69120K, reserved 1110016K
  class space    used 7526K, capacity 7889K, committed 7936K, reserved 1048576K
}
Event: 43.423 GC heap before
{Heap before GC invocations=15 (full 0):
 garbage-first heap   total 131072K, used 104290K [0x0000000080e00000, 0x0000000100000000)
  region size 1024K, 35 young (35840K), 3 survivors (3072K)
 Metaspace       used 69777K, capacity 70633K, committed 70784K, reserved 1112064K
  class space    used 7617K, capacity 7969K, committed 8064K, reserved 1048576K
}
Event: 43.432 GC heap after
{Heap after GC invocations=16 (full 0):
 garbage-first heap   total 131072K, used 74201K [0x0000000080e00000, 0x0000000100000000)
  region size 1024K, 3 young (3072K), 3 survivors (3072K)
 Metaspace       used 69777K, capacity 70633K, committed 70784K, reserved 1112064K
  class space    used 7617K, capacity 7969K, committed 8064K, reserved 1048576K
}
Event: 44.828 GC heap before
{Heap before GC invocations=16 (full 0):
 garbage-first heap   total 131072K, used 90585K [0x0000000080e00000, 0x0000000100000000)
  region size 1024K, 20 young (20480K), 3 survivors (3072K)
 Metaspace       used 70474K, capacity 71335K, committed 71552K, reserved 1112064K
  class space    used 7661K, capacity 8007K, committed 8064K, reserved 1048576K
}
Event: 44.837 GC heap after
{Heap after GC invocations=17 (full 0):
 garbage-first heap   total 131072K, used 76299K [0x0000000080e00000, 0x0000000100000000)
  region size 1024K, 5 young (5120K), 5 survivors (5120K)
 Metaspace       used 70474K, capacity 71335K, committed 71552K, reserved 1112064K
  class space    used 7661K, capacity 8007K, committed 8064K, reserved 1048576K
}
Event: 47.058 GC heap before
{Heap before GC invocations=18 (full 0):
 garbage-first heap   total 131072K, used 105995K [0x0000000080e00000, 0x0000000100000000)
  region size 1024K, 33 young (33792K), 5 survivors (5120K)
 Metaspace       used 70927K, capacity 71837K, committed 72064K, reserved 1114112K
  class space    used 7681K, capacity 8044K, committed 8064K, reserved 1048576K
}
Event: 47.070 GC heap after
{Heap after GC invocations=19 (full 0):
 garbage-first heap   total 131072K, used 79686K [0x0000000080e00000, 0x0000000100000000)
  region size 1024K, 5 young (5120K), 5 survivors (5120K)
 Metaspace       used 70927K, capacity 71837K, committed 72064K, reserved 1114112K
  class space    used 7681K, capacity 8044K, committed 8064K, reserved 1048576K
}

Deoptimization events (20 events):
Event: 50.005 Thread 0x0000020f6b704000 Uncommon trap: trap_request=0xffffffde fr.pc=0x0000020f77208f14 relative=0x0000000000000974
Event: 50.005 Thread 0x0000020f6b704000 Uncommon trap: reason=class_check action=maybe_recompile pc=0x0000020f77208f14 method=org.jetbrains.kotlin.types.ClassifierBasedTypeConstructor.equals(Ljava/lang/Object;)Z @ 30 c2
Event: 50.005 Thread 0x0000020f6b704000 DEOPT PACKING pc=0x0000020f77208f14 sp=0x000000336a0f7790
Event: 50.005 Thread 0x0000020f6b704000 DEOPT UNPACKING pc=0x0000020f6f26a1af sp=0x000000336a0f7740 mode 2
Event: 50.005 Thread 0x0000020f6b704000 Uncommon trap: trap_request=0xffffffde fr.pc=0x0000020f77208f14 relative=0x0000000000000974
Event: 50.005 Thread 0x0000020f6b704000 Uncommon trap: reason=class_check action=maybe_recompile pc=0x0000020f77208f14 method=org.jetbrains.kotlin.types.ClassifierBasedTypeConstructor.equals(Ljava/lang/Object;)Z @ 30 c2
Event: 50.005 Thread 0x0000020f6b704000 DEOPT PACKING pc=0x0000020f77208f14 sp=0x000000336a0f7aa0
Event: 50.005 Thread 0x0000020f6b704000 DEOPT UNPACKING pc=0x0000020f6f26a1af sp=0x000000336a0f7a50 mode 2
Event: 50.006 Thread 0x0000020f6b704000 Uncommon trap: trap_request=0xffffffde fr.pc=0x0000020f7741c38c relative=0x000000000000064c
Event: 50.006 Thread 0x0000020f6b704000 Uncommon trap: reason=class_check action=maybe_recompile pc=0x0000020f7741c38c method=org.jetbrains.kotlin.types.AbstractNullabilityChecker.runIsPossibleSubtype(Lorg/jetbrains/kotlin/types/TypeCheckerState;Lorg/jetbrains/kotlin/types/model/SimpleTypeMarke
Event: 50.006 Thread 0x0000020f6b704000 DEOPT PACKING pc=0x0000020f7741c38c sp=0x000000336a0f7c50
Event: 50.006 Thread 0x0000020f6b704000 DEOPT UNPACKING pc=0x0000020f6f26a1af sp=0x000000336a0f7bd8 mode 2
Event: 50.006 Thread 0x0000020f6b704000 Uncommon trap: trap_request=0xffffffde fr.pc=0x0000020f7741c38c relative=0x000000000000064c
Event: 50.006 Thread 0x0000020f6b704000 Uncommon trap: reason=class_check action=maybe_recompile pc=0x0000020f7741c38c method=org.jetbrains.kotlin.types.AbstractNullabilityChecker.runIsPossibleSubtype(Lorg/jetbrains/kotlin/types/TypeCheckerState;Lorg/jetbrains/kotlin/types/model/SimpleTypeMarke
Event: 50.006 Thread 0x0000020f6b704000 DEOPT PACKING pc=0x0000020f7741c38c sp=0x000000336a0f7c50
Event: 50.006 Thread 0x0000020f6b704000 DEOPT UNPACKING pc=0x0000020f6f26a1af sp=0x000000336a0f7bd8 mode 2
Event: 50.007 Thread 0x0000020f6b704000 Uncommon trap: trap_request=0xffffffde fr.pc=0x0000020f7741c38c relative=0x000000000000064c
Event: 50.007 Thread 0x0000020f6b704000 Uncommon trap: reason=class_check action=maybe_recompile pc=0x0000020f7741c38c method=org.jetbrains.kotlin.types.AbstractNullabilityChecker.runIsPossibleSubtype(Lorg/jetbrains/kotlin/types/TypeCheckerState;Lorg/jetbrains/kotlin/types/model/SimpleTypeMarke
Event: 50.007 Thread 0x0000020f6b704000 DEOPT PACKING pc=0x0000020f7741c38c sp=0x000000336a0f7c50
Event: 50.007 Thread 0x0000020f6b704000 DEOPT UNPACKING pc=0x0000020f6f26a1af sp=0x000000336a0f7bd8 mode 2

Classes redefined (0 events):
No events

Internal exceptions (20 events):
Event: 28.863 Thread 0x0000020f6b704000 Implicit null exception at 0x0000020f7701b773 to 0x0000020f7701b928
Event: 29.119 Thread 0x0000020f6b704000 Exception <a 'java/lang/NoSuchMethodError'{0x0000000088d95308}: 'void java.lang.invoke.DirectMethodHandle$Holder.invokeInterface(java.lang.Object, java.lang.Object)'> (0x0000000088d95308) thrown at [./src/hotspot/share/interpreter/linkResolver.cpp, line 773]
Event: 29.728 Thread 0x0000020f6b704000 Exception <a 'java/lang/NoSuchMethodError'{0x000000008866e460}: 'java.lang.Object java.lang.invoke.DirectMethodHandle$Holder.invokeStaticInit(java.lang.Object, java.lang.Object, java.lang.Object)'> (0x000000008866e460) thrown at [./src/hotspot/share/interpreter/linkResolver.cpp, line 773]
Event: 29.792 Thread 0x0000020f6b704000 Exception <a 'java/lang/NoSuchMethodError'{0x000000008858bd80}: 'java.lang.Object java.lang.invoke.DirectMethodHandle$Holder.invokeSpecial(java.lang.Object, java.lang.Object, java.lang.Object, java.lang.Object, java.lang.Object, java.lang.Object, java.lang.Object, java.lang.Object, java.lang.Object)'> (0x000000008858bd80) thrown at [./src/hotspot/share/interpreter/linkResolver.cpp, line 773]
Event: 29.793 Thread 0x0000020f6b704000 Exception <a 'java/lang/NoSuchMethodError'{0x000000008858ff78}: 'java.lang.Object java.lang.invoke.Invokers$Holder.linkToTargetMethod(java.lang.Object, java.lang.Object, java.lang.Object, java.lang.Object, java.lang.Object, java.lang.Object, java.lang.Object, java.lang.Object)'> (0x000000008858ff78) thrown at [./src/hotspot/share/interpreter/linkResolver.cpp, line 773]
Event: 29.927 Thread 0x0000020f6b704000 Exception <a 'java/lang/NoSuchMethodError'{0x000000008829ef18}: 'int java.lang.invoke.DirectMethodHandle$Holder.invokeInterface(java.lang.Object, java.lang.Object)'> (0x000000008829ef18) thrown at [./src/hotspot/share/interpreter/linkResolver.cpp, line 773]
Event: 31.053 Thread 0x0000020f6b704000 Exception <a 'java/lang/IncompatibleClassChangeError'{0x0000000087a934d8}: Found class java.lang.Object, but interface was expected> (0x0000000087a934d8) thrown at [./src/hotspot/share/interpreter/linkResolver.cpp, line 839]
Event: 32.072 Thread 0x0000020f6b704000 Implicit null exception at 0x0000020f76d3dc5e to 0x0000020f76d3e3c2
Event: 32.072 Thread 0x0000020f6b704000 Implicit null exception at 0x0000020f76e0a3af to 0x0000020f76e0a41d
Event: 32.107 Thread 0x0000020f6b704000 Exception <a 'java/lang/NoSuchMethodError'{0x0000000087096278}: 'java.lang.Object java.lang.invoke.DirectMethodHandle$Holder.invokeInterface(java.lang.Object, java.lang.Object, java.lang.Object)'> (0x0000000087096278) thrown at [./src/hotspot/share/interpreter/linkResolver.cpp, line 773]
Event: 32.107 Thread 0x0000020f6b704000 Exception <a 'java/lang/IncompatibleClassChangeError'{0x00000000870994a8}: Found class java.lang.Object, but interface was expected> (0x00000000870994a8) thrown at [./src/hotspot/share/interpreter/linkResolver.cpp, line 839]
Event: 33.984 Thread 0x0000020f6b704000 Exception <a 'java/lang/NoSuchMethodError'{0x0000000085abedc0}: 'java.lang.Object java.lang.invoke.DirectMethodHandle$Holder.invokeStatic(java.lang.Object, int, java.lang.Object, java.lang.Object)'> (0x0000000085abedc0) thrown at [./src/hotspot/share/interpreter/linkResolver.cpp, line 773]
Event: 37.399 Thread 0x0000020f6b704000 Implicit null exception at 0x0000020f77141d19 to 0x0000020f771420fb
Event: 38.228 Thread 0x0000020f6b704000 Exception <a 'java/lang/NoSuchMethodError'{0x0000000088a4db30}: 'java.lang.Object java.lang.invoke.Invokers$Holder.linkToTargetMethod(java.lang.Object, java.lang.Object, java.lang.Object, java.lang.Object, java.lang.Object, java.lang.Object, java.lang.Object)'> (0x0000000088a4db30) thrown at [./src/hotspot/share/interpreter/linkResolver.cpp, line 773]
Event: 39.645 Thread 0x0000020f6b704000 Exception <a 'java/lang/NoSuchMethodError'{0x0000000087ed1568}: 'int java.lang.invoke.DirectMethodHandle$Holder.invokeStaticInit(java.lang.Object, int)'> (0x0000000087ed1568) thrown at [./src/hotspot/share/interpreter/linkResolver.cpp, line 773]
Event: 40.327 Thread 0x0000020f6b704000 Exception <a 'java/lang/NoSuchMethodError'{0x000000008722f220}: 'java.lang.Object java.lang.invoke.Invokers$Holder.linkToTargetMethod(java.lang.Object, java.lang.Object, java.lang.Object, int, int, java.lang.Object)'> (0x000000008722f220) thrown at [./src/hotspot/share/interpreter/linkResolver.cpp, line 773]
Event: 43.289 Thread 0x0000020f6b704000 Exception <a 'java/lang/NoSuchMethodError'{0x0000000086f18c88}: 'java.lang.Object java.lang.invoke.DirectMethodHandle$Holder.invokeSpecial(java.lang.Object, java.lang.Object, int, java.lang.Object, java.lang.Object)'> (0x0000000086f18c88) thrown at [./src/hotspot/share/interpreter/linkResolver.cpp, line 773]
Event: 44.822 Thread 0x0000020f6b704000 Implicit null exception at 0x0000020f76cfc7f4 to 0x0000020f76cfccf0
Event: 45.117 Thread 0x0000020f6b704000 Implicit null exception at 0x0000020f76cfd2f4 to 0x0000020f76cfd7c4
Event: 48.831 Thread 0x0000020f6b704000 Implicit null exception at 0x0000020f7708e2cf to 0x0000020f7708e350

Events (20 events):
Event: 49.212 loading class org/jetbrains/kotlin/psi/KtCatchClause
Event: 49.212 loading class org/jetbrains/kotlin/psi/KtCatchClause done
Event: 49.212 loading class org/jetbrains/kotlin/types/expressions/ExpressionTypingContext
Event: 49.212 loading class org/jetbrains/kotlin/types/expressions/ExpressionTypingContext done
Event: 49.548 loading class org/jetbrains/kotlin/resolve/BindingContext
Event: 49.548 loading class org/jetbrains/kotlin/resolve/BindingContext done
Event: 49.549 loading class org/jetbrains/kotlin/psi/KtExpression
Event: 49.549 loading class org/jetbrains/kotlin/psi/KtExpression done
Event: 49.549 loading class org/jetbrains/kotlin/resolve/BindingContext
Event: 49.549 loading class org/jetbrains/kotlin/resolve/BindingContext done
Event: 49.550 loading class org/jetbrains/kotlin/types/expressions/KotlinTypeInfo
Event: 49.550 loading class org/jetbrains/kotlin/types/expressions/KotlinTypeInfo done
Event: 49.550 loading class org/jetbrains/kotlin/types/expressions/KotlinTypeInfo
Event: 49.550 loading class org/jetbrains/kotlin/types/expressions/KotlinTypeInfo done
Event: 49.550 loading class kotlin/jvm/functions/Function1
Event: 49.550 loading class kotlin/jvm/functions/Function1 done
Event: 50.003 loading class org/jetbrains/kotlin/resolve/DescriptorEquivalenceForOverrides$areTypeParametersEquivalent$1
Event: 50.003 loading class org/jetbrains/kotlin/resolve/DescriptorEquivalenceForOverrides$areTypeParametersEquivalent$1 done
Event: 50.005 loading class org/jetbrains/kotlin/resolve/DescriptorEquivalenceForOverrides$areCallableDescriptorsEquivalent$overridingUtil$1$1
Event: 50.005 loading class org/jetbrains/kotlin/resolve/DescriptorEquivalenceForOverrides$areCallableDescriptorsEquivalent$overridingUtil$1$1 done


Dynamic libraries:
0x00007ff7eb950000 - 0x00007ff7eb95a000 	D:\Ides\AndroidStudio\jre\bin\java.exe
0x00007ff83cb90000 - 0x00007ff83cd88000 	C:\Windows\SYSTEM32\ntdll.dll
0x00007ff83b6d0000 - 0x00007ff83b78f000 	C:\Windows\System32\KERNEL32.DLL
0x00007ff83a5c0000 - 0x00007ff83a892000 	C:\Windows\System32\KERNELBASE.dll
0x00007ff83a8a0000 - 0x00007ff83a9a0000 	C:\Windows\System32\ucrtbase.dll
0x00007ff82d330000 - 0x00007ff82d349000 	D:\Ides\AndroidStudio\jre\bin\jli.dll
0x00007ff83bca0000 - 0x00007ff83be41000 	C:\Windows\System32\USER32.dll
0x00007ff83a430000 - 0x00007ff83a452000 	C:\Windows\System32\win32u.dll
0x00007ff83bfb0000 - 0x00007ff83bfdb000 	C:\Windows\System32\GDI32.dll
0x00007ff83a320000 - 0x00007ff83a42f000 	C:\Windows\System32\gdi32full.dll
0x00007ff83a280000 - 0x00007ff83a31d000 	C:\Windows\System32\msvcp_win.dll
0x00007ff82cab0000 - 0x00007ff82cac7000 	D:\Ides\AndroidStudio\jre\bin\VCRUNTIME140.dll
0x00007ff824410000 - 0x00007ff8246aa000 	C:\Windows\WinSxS\amd64_microsoft.windows.common-controls_6595b64144ccf1df_6.0.19041.1110_none_60b5254171f9507e\COMCTL32.dll
0x00007ff83b790000 - 0x00007ff83b82e000 	C:\Windows\System32\msvcrt.dll
0x00007ff83ca80000 - 0x00007ff83cab2000 	C:\Windows\System32\IMM32.DLL
0x00007ff81bda0000 - 0x00007ff81be3d000 	D:\Ides\AndroidStudio\jre\bin\msvcp140.dll
0x00007ff80c4b0000 - 0x00007ff80cfb2000 	D:\Ides\AndroidStudio\jre\bin\server\jvm.dll
0x00007ff83c230000 - 0x00007ff83c2de000 	C:\Windows\System32\ADVAPI32.dll
0x00007ff83c190000 - 0x00007ff83c22c000 	C:\Windows\System32\sechost.dll
0x00007ff83ae40000 - 0x00007ff83af65000 	C:\Windows\System32\RPCRT4.dll
0x00007ff83b6c0000 - 0x00007ff83b6c8000 	C:\Windows\System32\PSAPI.DLL
0x00007ff8360b0000 - 0x00007ff8360b9000 	C:\Windows\SYSTEM32\WSOCK32.dll
0x00007ff83be50000 - 0x00007ff83bebb000 	C:\Windows\System32\WS2_32.dll
0x00007ff832be0000 - 0x00007ff832c07000 	C:\Windows\SYSTEM32\WINMM.dll
0x00007ff834680000 - 0x00007ff83468a000 	C:\Windows\SYSTEM32\VERSION.dll
0x00007ff838160000 - 0x00007ff838172000 	C:\Windows\SYSTEM32\kernel.appcore.dll
0x00007ff8294d0000 - 0x00007ff8294e1000 	D:\Ides\AndroidStudio\jre\bin\verify.dll
0x00007ff833a80000 - 0x00007ff833c64000 	C:\Windows\SYSTEM32\DBGHELP.DLL
0x00007ff82c250000 - 0x00007ff82c285000 	C:\Windows\SYSTEM32\dbgcore.DLL
0x00007ff83a9a0000 - 0x00007ff83aa22000 	C:\Windows\System32\bcryptPrimitives.dll
0x00007ff827dd0000 - 0x00007ff827df9000 	D:\Ides\AndroidStudio\jre\bin\java.dll
0x00007ff832c60000 - 0x00007ff832c6b000 	D:\Ides\AndroidStudio\jre\bin\jimage.dll
0x00007ff825e10000 - 0x00007ff825e28000 	D:\Ides\AndroidStudio\jre\bin\zip.dll
0x00007ff83af70000 - 0x00007ff83b6b5000 	C:\Windows\System32\SHELL32.dll
0x00007ff838360000 - 0x00007ff838af2000 	C:\Windows\SYSTEM32\windows.storage.dll
0x00007ff83c410000 - 0x00007ff83c765000 	C:\Windows\System32\combase.dll
0x00007ff839ce0000 - 0x00007ff839d10000 	C:\Windows\SYSTEM32\Wldp.dll
0x00007ff83c850000 - 0x00007ff83c8fd000 	C:\Windows\System32\SHCORE.dll
0x00007ff83c7f0000 - 0x00007ff83c845000 	C:\Windows\System32\shlwapi.dll
0x00007ff83a1c0000 - 0x00007ff83a1df000 	C:\Windows\SYSTEM32\profapi.dll
0x00007ff825df0000 - 0x00007ff825e0a000 	D:\Ides\AndroidStudio\jre\bin\net.dll
0x00007ff833970000 - 0x00007ff833a7c000 	C:\Windows\SYSTEM32\WINHTTP.dll
0x00007ff839a40000 - 0x00007ff839aaa000 	C:\Windows\system32\mswsock.dll
0x00007ff825dd0000 - 0x00007ff825de4000 	D:\Ides\AndroidStudio\jre\bin\nio.dll

dbghelp: loaded successfully - version: 4.0.5 - missing functions: none
symbol engine: initialized successfully - sym options: 0x614 - pdb path: .;D:\Ides\AndroidStudio\jre\bin;C:\Windows\SYSTEM32;C:\Windows\WinSxS\amd64_microsoft.windows.common-controls_6595b64144ccf1df_6.0.19041.1110_none_60b5254171f9507e;D:\Ides\AndroidStudio\jre\bin\server

VM Arguments:
java_command: org.jetbrains.kotlin.cli.jvm.K2JVMCompiler @D:\Ufca\Mobile\CC0043---Programa-o-para-Dispositivos-M-veis\node_modules\expo-modules-core\android\build\20230313_7166298768685946576.compiler.options
java_class_path (initial): C:\Users\monte\.gradle\caches\modules-2\files-2.1\org.jetbrains.kotlin\kotlin-compiler-embeddable\1.8.10\b0757fd774344d54ce93f5ad6c30ba1c1731c8ff\kotlin-compiler-embeddable-1.8.10.jar;C:\Users\monte\.gradle\caches\modules-2\files-2.1\org.jetbrains.kotlin\kotlin-stdlib\1.8.10\6d5560a229477df9406943d5feda5618e98eb64c\kotlin-stdlib-1.8.10.jar;C:\Users\monte\.gradle\caches\modules-2\files-2.1\org.jetbrains.kotlin\kotlin-script-runtime\1.8.10\b13ea9c7e46d589139e56086a878763290e20bd5\kotlin-script-runtime-1.8.10.jar;C:\Users\monte\.gradle\caches\modules-2\files-2.1\org.jetbrains.kotlin\kotlin-reflect\1.6.10\1cbe9c92c12a94eea200d23c2bbaedaf3daf5132\kotlin-reflect-1.6.10.jar;C:\Users\monte\.gradle\caches\modules-2\files-2.1\org.jetbrains.kotlin\kotlin-daemon-embeddable\1.8.10\ad8541d9bc1cf9e52c3204161247910c2cf601d4\kotlin-daemon-embeddable-1.8.10.jar;C:\Users\monte\.gradle\caches\modules-2\files-2.1\org.jetbrains.intellij.deps\trove4j\1.0.20200330\3afb14d5f9ceb459d724e907a21145e8ff394f02\trove4j-1.0.20200330.jar;C:\Users\monte\.gradle\caches\modules-2\files-2.1\net.java.dev.jna\jna\5.6.0\330f2244e9030119ab3030fc3fededc86713d9cc\jna-5.6.0.jar;C:\Users\monte\.gradle\caches\modules-2\files-2.1\org.jetbrains.kotlin\kotlin-stdlib-common\1.8.10\a61b182458550492c12aee66157d7b524a63a5ec\kotlin-stdlib-common-1.8.10.jar;C:\Users\monte\.gradle\caches\modules-2\files-2.1\org.jetbrains\annotations\13.0\919f0dfe192fb4e063e7dacadee7f8bb9a2672a9\annotations-13.0.jar
Launcher Type: SUN_STANDARD

[Global flags]
     intx CICompilerCount                          = 3                                         {product} {ergonomic}
     uint ConcGCThreads                            = 1                                         {product} {ergonomic}
     uint G1ConcRefinementThreads                  = 4                                         {product} {ergonomic}
   size_t G1HeapRegionSize                         = 1048576                                   {product} {ergonomic}
    uintx GCDrainStackTargetSize                   = 64                                        {product} {ergonomic}
   size_t InitialHeapSize                          = 134217728                                 {product} {ergonomic}
   size_t MarkStackSize                            = 4194304                                   {product} {ergonomic}
   size_t MaxHeapSize                              = 2132803584                                {product} {ergonomic}
   size_t MaxNewSize                               = 1279262720                                {product} {ergonomic}
   size_t MinHeapDeltaBytes                        = 1048576                                   {product} {ergonomic}
    uintx NonNMethodCodeHeapSize                   = 5830732                                {pd product} {ergonomic}
    uintx NonProfiledCodeHeapSize                  = 122913754                              {pd product} {ergonomic}
    uintx ProfiledCodeHeapSize                     = 122913754                              {pd product} {ergonomic}
    uintx ReservedCodeCacheSize                    = 251658240                              {pd product} {ergonomic}
     bool SegmentedCodeCache                       = true                                      {product} {ergonomic}
     bool UseCompressedClassPointers               = true                                 {lp64_product} {ergonomic}
     bool UseCompressedOops                        = true                                 {lp64_product} {ergonomic}
     bool UseG1GC                                  = true                                      {product} {ergonomic}
     bool UseLargePagesIndividualAllocation        = false                                  {pd product} {ergonomic}

Logging:
Log output configuration:
 #0: stdout all=warning uptime,level,tags
 #1: stderr all=off uptime,level,tags

Environment Variables:
JAVA_HOME=D:\Ides\AndroidStudio\jre
CLASSPATH=D:\Ufca\Mobile\CC0043---Programa-o-para-Dispositivos-M-veis\android\\gradle\wrapper\gradle-wrapper.jar
PATH=D:\Ufca\Mobile\CC0043---Programa-o-para-Dispositivos-M-veis\node_modules\.bin;D:\Ufca\Mobile\CC0043---Programa-o-para-Dispositivos-M-veis\node_modules\.bin;D:\Ufca\Mobile\node_modules\.bin;D:\Ufca\node_modules\.bin;D:\node_modules\.bin;C:\Users\monte\AppData\Roaming\npm\node_modules\npm\node_modules\@npmcli\run-script\lib\node-gyp-bin;C:\Windows\system32;C:\Windows;C:\Windows\System32\Wbem;C:\Windows\System32\WindowsPowerShell\v1.0\;C:\Windows\System32\OpenSSH\;D:\Programas\Git\cmd;C:\ProgramData\ComposerSetup\bin;D:\Programas\Node\;D:\Python\Scripts\;D:\Python\;C:\Users\monte\AppData\Local\Microsoft\WindowsApps;D:\Ides\Microsoft VS Code\bin;D:\PHP\php-8.1.9-nts-Win32-vs16-x64;D:\Ides\Microsoft Visual Studio\2022\Community\MSBuild\Current\Bin;C:\Users\monte\AppData\Roaming\Composer\vendor\bin;D:\PHP\php-7.4.33-nts-Win32-vc15-x64;C:\Users\monte\AppData\Roaming\npm
USERNAME=monte
OS=Windows_NT
PROCESSOR_IDENTIFIER=Intel64 Family 6 Model 158 Stepping 9, GenuineIntel



---------------  S Y S T E M  ---------------

OS: Windows 10 , 64 bit Build 19041 (10.0.19041.2546)
OS uptime: 17 days 6:19 hours

CPU:total 4 (initial active 4) (4 cores per cpu, 1 threads per core) family 6 model 158 stepping 9 microcode 0xb4, cmov, cx8, fxsr, mmx, sse, sse2, sse3, ssse3, sse4.1, sse4.2, popcnt, avx, avx2, aes, clmul, erms, 3dnowpref, lzcnt, tsc, tscinvbit, bmi1, bmi2, adx, fma

Memory: 4k page, system-wide physical 8134M (220M free)
TotalPageFile size 22366M (AvailPageFile size 3M)
current process WorkingSet (physical memory assigned to process): 319M, peak: 339M
current process commit charge ("private bytes"): 356M, peak: 371M

vm_info: OpenJDK 64-Bit Server VM (11.0.13+0-b1751.21-8125866) for windows-amd64 JRE (11.0.13+0-b1751.21-8125866), built on Feb  2 2022 03:00:22 by "builder" with MS VC++ 14.0 (VS2015)

END.
